{"/Users/brettmiller/Documents/Codebase/Obsidian-Link/Obsidian-Link/src/index.ts": {"path":"/Users/brettmiller/Documents/Codebase/Obsidian-Link/Obsidian-Link/src/index.ts","statementMap":{"0":{"start":{"line":2,"column":0},"end":{"line":2,"column":24}},"1":{"start":{"line":5,"column":0},"end":{"line":5,"column":39}},"2":{"start":{"line":6,"column":0},"end":{"line":6,"column":38}},"3":{"start":{"line":7,"column":0},"end":{"line":7,"column":34}},"4":{"start":{"line":10,"column":0},"end":{"line":10,"column":35}}},"fnMap":{},"branchMap":{},"s":{"0":0,"1":0,"2":0,"3":0,"4":0},"f":{},"b":{}}
,"/Users/brettmiller/Documents/Codebase/Obsidian-Link/Obsidian-Link/src/main.ts": {"path":"/Users/brettmiller/Documents/Codebase/Obsidian-Link/Obsidian-Link/src/main.ts","statementMap":{"0":{"start":{"line":1,"column":0},"end":{"line":1,"column":151}},"1":{"start":{"line":2,"column":0},"end":{"line":2,"column":59}},"2":{"start":{"line":3,"column":0},"end":{"line":3,"column":58}},"3":{"start":{"line":4,"column":0},"end":{"line":4,"column":50}},"4":{"start":{"line":5,"column":0},"end":{"line":5,"column":84}},"5":{"start":{"line":6,"column":0},"end":{"line":6,"column":null}},"6":{"start":{"line":16,"column":0},"end":{"line":16,"column":48}},"7":{"start":{"line":18,"column":47},"end":{"line":29,"column":null}},"8":{"start":{"line":33,"column":1},"end":{"line":33,"column":45}},"9":{"start":{"line":34,"column":1},"end":{"line":34,"column":44}},"10":{"start":{"line":35,"column":1},"end":{"line":35,"column":45}},"11":{"start":{"line":42,"column":2},"end":{"line":42,"column":37}},"12":{"start":{"line":47,"column":24},"end":{"line":47,"column":32}},"13":{"start":{"line":50,"column":23},"end":{"line":50,"column":67}},"14":{"start":{"line":52,"column":2},"end":{"line":56,"column":null}},"15":{"start":{"line":54,"column":3},"end":{"line":54,"column":41}},"16":{"start":{"line":55,"column":3},"end":{"line":55,"column":26}},"17":{"start":{"line":59,"column":15},"end":{"line":59,"column":44}},"18":{"start":{"line":61,"column":2},"end":{"line":64,"column":null}},"19":{"start":{"line":62,"column":3},"end":{"line":62,"column":47}},"20":{"start":{"line":63,"column":3},"end":{"line":63,"column":15}},"21":{"start":{"line":67,"column":2},"end":{"line":71,"column":18}},"22":{"start":{"line":74,"column":2},"end":{"line":74,"column":29}},"23":{"start":{"line":76,"column":2},"end":{"line":76,"column":14}},"24":{"start":{"line":80,"column":2},"end":{"line":80,"column":28}},"25":{"start":{"line":83,"column":2},"end":{"line":83,"column":28}},"26":{"start":{"line":86,"column":2},"end":{"line":89,"column":4}},"27":{"start":{"line":88,"column":13},"end":{"line":88,"column":67}},"28":{"start":{"line":96,"column":23},"end":{"line":104,"column":4}},"29":{"start":{"line":97,"column":18},"end":{"line":97,"column":73}},"30":{"start":{"line":98,"column":3},"end":{"line":101,"column":null}},"31":{"start":{"line":99,"column":4},"end":{"line":99,"column":89}},"32":{"start":{"line":100,"column":4},"end":{"line":100,"column":11}},"33":{"start":{"line":103,"column":3},"end":{"line":103,"column":58}},"34":{"start":{"line":107,"column":2},"end":{"line":119,"column":5}},"35":{"start":{"line":111,"column":19},"end":{"line":111,"column":74}},"36":{"start":{"line":112,"column":4},"end":{"line":115,"column":null}},"37":{"start":{"line":113,"column":5},"end":{"line":113,"column":90}},"38":{"start":{"line":114,"column":5},"end":{"line":114,"column":12}},"39":{"start":{"line":117,"column":4},"end":{"line":117,"column":59}},"40":{"start":{"line":122,"column":2},"end":{"line":175,"column":5}},"41":{"start":{"line":126,"column":19},"end":{"line":126,"column":74}},"42":{"start":{"line":127,"column":4},"end":{"line":130,"column":null}},"43":{"start":{"line":128,"column":5},"end":{"line":128,"column":90}},"44":{"start":{"line":129,"column":5},"end":{"line":129,"column":12}},"45":{"start":{"line":132,"column":22},"end":{"line":132,"column":43}},"46":{"start":{"line":133,"column":4},"end":{"line":136,"column":null}},"47":{"start":{"line":134,"column":5},"end":{"line":134,"column":36}},"48":{"start":{"line":135,"column":5},"end":{"line":135,"column":12}},"49":{"start":{"line":138,"column":4},"end":{"line":173,"column":null}},"50":{"start":{"line":140,"column":25},"end":{"line":140,"column":34}},"51":{"start":{"line":141,"column":5},"end":{"line":144,"column":null}},"52":{"start":{"line":142,"column":6},"end":{"line":142,"column":50}},"53":{"start":{"line":143,"column":6},"end":{"line":143,"column":13}},"54":{"start":{"line":147,"column":26},"end":{"line":147,"column":46}},"55":{"start":{"line":148,"column":26},"end":{"line":148,"column":51}},"56":{"start":{"line":150,"column":5},"end":{"line":150,"column":41}},"57":{"start":{"line":151,"column":21},"end":{"line":151,"column":64}},"58":{"start":{"line":154,"column":20},"end":{"line":154,"column":50}},"59":{"start":{"line":155,"column":25},"end":{"line":155,"column":74}},"60":{"start":{"line":160,"column":24},"end":{"line":160,"column":100}},"61":{"start":{"line":161,"column":21},"end":{"line":161,"column":170}},"62":{"start":{"line":164,"column":5},"end":{"line":164,"column":55}},"63":{"start":{"line":167,"column":21},"end":{"line":167,"column":70}},"64":{"start":{"line":168,"column":5},"end":{"line":170,"column":null}},"65":{"start":{"line":169,"column":6},"end":{"line":169,"column":59}},"66":{"start":{"line":172,"column":5},"end":{"line":172,"column":64}},"67":{"start":{"line":178,"column":2},"end":{"line":218,"column":5}},"68":{"start":{"line":182,"column":19},"end":{"line":182,"column":74}},"69":{"start":{"line":183,"column":4},"end":{"line":186,"column":null}},"70":{"start":{"line":184,"column":5},"end":{"line":184,"column":90}},"71":{"start":{"line":185,"column":5},"end":{"line":185,"column":12}},"72":{"start":{"line":188,"column":22},"end":{"line":188,"column":43}},"73":{"start":{"line":189,"column":4},"end":{"line":192,"column":null}},"74":{"start":{"line":190,"column":5},"end":{"line":190,"column":36}},"75":{"start":{"line":191,"column":5},"end":{"line":191,"column":12}},"76":{"start":{"line":194,"column":4},"end":{"line":216,"column":null}},"77":{"start":{"line":196,"column":25},"end":{"line":196,"column":53}},"78":{"start":{"line":197,"column":5},"end":{"line":200,"column":null}},"79":{"start":{"line":198,"column":6},"end":{"line":198,"column":48}},"80":{"start":{"line":199,"column":6},"end":{"line":199,"column":13}},"81":{"start":{"line":203,"column":25},"end":{"line":203,"column":34}},"82":{"start":{"line":206,"column":5},"end":{"line":206,"column":41}},"83":{"start":{"line":209,"column":25},"end":{"line":209,"column":56}},"84":{"start":{"line":210,"column":5},"end":{"line":210,"column":63}},"85":{"start":{"line":213,"column":5},"end":{"line":213,"column":48}},"86":{"start":{"line":215,"column":5},"end":{"line":215,"column":64}},"87":{"start":{"line":221,"column":2},"end":{"line":227,"column":5}},"88":{"start":{"line":225,"column":4},"end":{"line":225,"column":33}},"89":{"start":{"line":230,"column":2},"end":{"line":242,"column":5}},"90":{"start":{"line":234,"column":19},"end":{"line":234,"column":74}},"91":{"start":{"line":235,"column":4},"end":{"line":238,"column":null}},"92":{"start":{"line":236,"column":5},"end":{"line":236,"column":90}},"93":{"start":{"line":237,"column":5},"end":{"line":237,"column":12}},"94":{"start":{"line":240,"column":4},"end":{"line":240,"column":58}},"95":{"start":{"line":245,"column":2},"end":{"line":245,"column":65}},"96":{"start":{"line":249,"column":2},"end":{"line":249,"column":46}},"97":{"start":{"line":259,"column":21},"end":{"line":259,"column":45}},"98":{"start":{"line":262,"column":30},"end":{"line":298,"column":4}},"99":{"start":{"line":264,"column":3},"end":{"line":264,"column":32}},"100":{"start":{"line":267,"column":3},"end":{"line":270,"column":null}},"101":{"start":{"line":269,"column":4},"end":{"line":269,"column":21}},"102":{"start":{"line":273,"column":3},"end":{"line":295,"column":null}},"103":{"start":{"line":275,"column":22},"end":{"line":275,"column":51}},"104":{"start":{"line":278,"column":29},"end":{"line":278,"column":31}},"105":{"start":{"line":279,"column":22},"end":{"line":279,"column":24}},"106":{"start":{"line":281,"column":4},"end":{"line":288,"column":null}},"107":{"start":{"line":282,"column":5},"end":{"line":287,"column":null}},"108":{"start":{"line":283,"column":6},"end":{"line":283,"column":47}},"109":{"start":{"line":284,"column":6},"end":{"line":284,"column":29}},"110":{"start":{"line":286,"column":6},"end":{"line":286,"column":57}},"111":{"start":{"line":290,"column":4},"end":{"line":292,"column":null}},"112":{"start":{"line":291,"column":5},"end":{"line":291,"column":39}},"113":{"start":{"line":294,"column":4},"end":{"line":294,"column":30}},"114":{"start":{"line":297,"column":3},"end":{"line":297,"column":20}},"115":{"start":{"line":301,"column":2},"end":{"line":301,"column":42}},"116":{"start":{"line":305,"column":2},"end":{"line":305,"column":77}},"117":{"start":{"line":309,"column":2},"end":{"line":320,"column":null}},"118":{"start":{"line":310,"column":21},"end":{"line":310,"column":63}},"119":{"start":{"line":311,"column":3},"end":{"line":319,"column":null}},"120":{"start":{"line":312,"column":4},"end":{"line":312,"column":71}},"121":{"start":{"line":313,"column":4},"end":{"line":313,"column":43}},"122":{"start":{"line":314,"column":4},"end":{"line":314,"column":39}},"123":{"start":{"line":316,"column":4},"end":{"line":316,"column":49}},"124":{"start":{"line":317,"column":10},"end":{"line":319,"column":null}},"125":{"start":{"line":318,"column":4},"end":{"line":318,"column":78}},"126":{"start":{"line":323,"column":2},"end":{"line":334,"column":null}},"127":{"start":{"line":324,"column":21},"end":{"line":324,"column":63}},"128":{"start":{"line":325,"column":3},"end":{"line":333,"column":null}},"129":{"start":{"line":326,"column":4},"end":{"line":326,"column":64}},"130":{"start":{"line":327,"column":4},"end":{"line":327,"column":43}},"131":{"start":{"line":328,"column":4},"end":{"line":328,"column":39}},"132":{"start":{"line":330,"column":4},"end":{"line":330,"column":49}},"133":{"start":{"line":331,"column":10},"end":{"line":333,"column":null}},"134":{"start":{"line":332,"column":4},"end":{"line":332,"column":71}},"135":{"start":{"line":337,"column":2},"end":{"line":348,"column":null}},"136":{"start":{"line":338,"column":21},"end":{"line":338,"column":66}},"137":{"start":{"line":339,"column":3},"end":{"line":347,"column":null}},"138":{"start":{"line":340,"column":4},"end":{"line":340,"column":67}},"139":{"start":{"line":341,"column":4},"end":{"line":341,"column":46}},"140":{"start":{"line":342,"column":4},"end":{"line":342,"column":39}},"141":{"start":{"line":344,"column":4},"end":{"line":344,"column":52}},"142":{"start":{"line":345,"column":10},"end":{"line":347,"column":null}},"143":{"start":{"line":346,"column":4},"end":{"line":346,"column":74}},"144":{"start":{"line":353,"column":24},"end":{"line":353,"column":44}},"145":{"start":{"line":354,"column":17},"end":{"line":354,"column":65}},"146":{"start":{"line":356,"column":2},"end":{"line":359,"column":null}},"147":{"start":{"line":357,"column":3},"end":{"line":357,"column":85}},"148":{"start":{"line":358,"column":3},"end":{"line":358,"column":10}},"149":{"start":{"line":362,"column":2},"end":{"line":364,"column":null}},"150":{"start":{"line":363,"column":3},"end":{"line":363,"column":43}},"151":{"start":{"line":366,"column":2},"end":{"line":366,"column":37}},"152":{"start":{"line":367,"column":2},"end":{"line":367,"column":28}},"153":{"start":{"line":372,"column":17},"end":{"line":372,"column":72}},"154":{"start":{"line":374,"column":2},"end":{"line":388,"column":null}},"155":{"start":{"line":375,"column":3},"end":{"line":385,"column":null}},"156":{"start":{"line":377,"column":4},"end":{"line":377,"column":59}},"157":{"start":{"line":378,"column":4},"end":{"line":378,"column":68}},"158":{"start":{"line":379,"column":4},"end":{"line":379,"column":59}},"159":{"start":{"line":381,"column":4},"end":{"line":381,"column":94}},"160":{"start":{"line":383,"column":4},"end":{"line":383,"column":98}},"161":{"start":{"line":384,"column":4},"end":{"line":384,"column":77}},"162":{"start":{"line":387,"column":3},"end":{"line":387,"column":97}},"163":{"start":{"line":31,"column":0},"end":{"line":31,"column":21}},"164":{"start":{"line":398,"column":2},"end":{"line":398,"column":13}},"165":{"start":{"line":399,"column":2},"end":{"line":399,"column":31}},"166":{"start":{"line":403,"column":24},"end":{"line":403,"column":28}},"167":{"start":{"line":405,"column":2},"end":{"line":405,"column":55}},"168":{"start":{"line":407,"column":2},"end":{"line":409,"column":5}},"169":{"start":{"line":411,"column":2},"end":{"line":414,"column":5}},"170":{"start":{"line":415,"column":2},"end":{"line":415,"column":39}},"171":{"start":{"line":416,"column":2},"end":{"line":416,"column":46}},"172":{"start":{"line":419,"column":2},"end":{"line":419,"column":48}},"173":{"start":{"line":419,"column":19},"end":{"line":419,"column":42}},"174":{"start":{"line":422,"column":2},"end":{"line":427,"column":5}},"175":{"start":{"line":423,"column":3},"end":{"line":426,"column":null}},"176":{"start":{"line":424,"column":4},"end":{"line":424,"column":23}},"177":{"start":{"line":425,"column":4},"end":{"line":425,"column":25}},"178":{"start":{"line":429,"column":26},"end":{"line":429,"column":47}},"179":{"start":{"line":430,"column":2},"end":{"line":430,"column":41}},"180":{"start":{"line":431,"column":2},"end":{"line":431,"column":52}},"181":{"start":{"line":432,"column":2},"end":{"line":432,"column":39}},"182":{"start":{"line":434,"column":23},"end":{"line":434,"column":77}},"183":{"start":{"line":435,"column":2},"end":{"line":435,"column":61}},"184":{"start":{"line":435,"column":47},"end":{"line":435,"column":59}},"185":{"start":{"line":437,"column":23},"end":{"line":437,"column":77}},"186":{"start":{"line":438,"column":2},"end":{"line":438,"column":40}},"187":{"start":{"line":439,"column":2},"end":{"line":439,"column":69}},"188":{"start":{"line":439,"column":47},"end":{"line":439,"column":67}},"189":{"start":{"line":442,"column":2},"end":{"line":500,"column":4}},"190":{"start":{"line":443,"column":15},"end":{"line":443,"column":43}},"191":{"start":{"line":445,"column":3},"end":{"line":448,"column":null}},"192":{"start":{"line":446,"column":4},"end":{"line":446,"column":37}},"193":{"start":{"line":447,"column":4},"end":{"line":447,"column":11}},"194":{"start":{"line":451,"column":3},"end":{"line":456,"column":null}},"195":{"start":{"line":452,"column":4},"end":{"line":452,"column":17}},"196":{"start":{"line":454,"column":4},"end":{"line":454,"column":43}},"197":{"start":{"line":455,"column":4},"end":{"line":455,"column":11}},"198":{"start":{"line":458,"column":3},"end":{"line":499,"column":null}},"199":{"start":{"line":459,"column":4},"end":{"line":459,"column":38}},"200":{"start":{"line":460,"column":4},"end":{"line":460,"column":17}},"201":{"start":{"line":463,"column":23},"end":{"line":463,"column":36}},"202":{"start":{"line":464,"column":17},"end":{"line":464,"column":65}},"203":{"start":{"line":467,"column":4},"end":{"line":475,"column":null}},"204":{"start":{"line":468,"column":5},"end":{"line":474,"column":null}},"205":{"start":{"line":469,"column":6},"end":{"line":469,"column":52}},"206":{"start":{"line":470,"column":6},"end":{"line":470,"column":52}},"207":{"start":{"line":472,"column":6},"end":{"line":472,"column":61}},"208":{"start":{"line":477,"column":20},"end":{"line":477,"column":60}},"209":{"start":{"line":480,"column":21},"end":{"line":480,"column":42}},"210":{"start":{"line":481,"column":20},"end":{"line":481,"column":58}},"211":{"start":{"line":482,"column":21},"end":{"line":482,"column":57}},"212":{"start":{"line":485,"column":21},"end":{"line":485,"column":51}},"213":{"start":{"line":486,"column":20},"end":{"line":488,"column":null}},"214":{"start":{"line":492,"column":17},"end":{"line":492,"column":50}},"215":{"start":{"line":493,"column":4},"end":{"line":493,"column":33}},"216":{"start":{"line":495,"column":4},"end":{"line":495,"column":73}},"217":{"start":{"line":497,"column":4},"end":{"line":497,"column":52}},"218":{"start":{"line":498,"column":4},"end":{"line":498,"column":69}},"219":{"start":{"line":504,"column":24},"end":{"line":504,"column":28}},"220":{"start":{"line":505,"column":2},"end":{"line":505,"column":20}},"221":{"start":{"line":516,"column":2},"end":{"line":516,"column":13}},"222":{"start":{"line":512,"column":1},"end":{"line":512,"column":47}},"223":{"start":{"line":517,"column":2},"end":{"line":517,"column":37}},"224":{"start":{"line":521,"column":24},"end":{"line":521,"column":28}},"225":{"start":{"line":523,"column":2},"end":{"line":523,"column":53}},"226":{"start":{"line":525,"column":2},"end":{"line":527,"column":5}},"227":{"start":{"line":529,"column":2},"end":{"line":532,"column":5}},"228":{"start":{"line":533,"column":2},"end":{"line":533,"column":41}},"229":{"start":{"line":534,"column":2},"end":{"line":534,"column":48}},"230":{"start":{"line":537,"column":2},"end":{"line":542,"column":5}},"231":{"start":{"line":538,"column":3},"end":{"line":541,"column":null}},"232":{"start":{"line":539,"column":4},"end":{"line":539,"column":23}},"233":{"start":{"line":540,"column":4},"end":{"line":540,"column":25}},"234":{"start":{"line":545,"column":2},"end":{"line":545,"column":50}},"235":{"start":{"line":545,"column":19},"end":{"line":545,"column":44}},"236":{"start":{"line":547,"column":26},"end":{"line":547,"column":47}},"237":{"start":{"line":548,"column":2},"end":{"line":548,"column":41}},"238":{"start":{"line":549,"column":2},"end":{"line":549,"column":52}},"239":{"start":{"line":550,"column":2},"end":{"line":550,"column":39}},"240":{"start":{"line":552,"column":23},"end":{"line":552,"column":77}},"241":{"start":{"line":553,"column":2},"end":{"line":553,"column":61}},"242":{"start":{"line":553,"column":47},"end":{"line":553,"column":59}},"243":{"start":{"line":555,"column":23},"end":{"line":555,"column":77}},"244":{"start":{"line":556,"column":2},"end":{"line":556,"column":40}},"245":{"start":{"line":557,"column":2},"end":{"line":557,"column":69}},"246":{"start":{"line":557,"column":47},"end":{"line":557,"column":67}},"247":{"start":{"line":560,"column":2},"end":{"line":723,"column":4}},"248":{"start":{"line":561,"column":17},"end":{"line":561,"column":47}},"249":{"start":{"line":563,"column":3},"end":{"line":566,"column":null}},"250":{"start":{"line":564,"column":4},"end":{"line":564,"column":46}},"251":{"start":{"line":565,"column":4},"end":{"line":565,"column":11}},"252":{"start":{"line":568,"column":3},"end":{"line":722,"column":null}},"253":{"start":{"line":569,"column":4},"end":{"line":571,"column":null}},"254":{"start":{"line":570,"column":5},"end":{"line":570,"column":38}},"255":{"start":{"line":573,"column":4},"end":{"line":573,"column":52}},"256":{"start":{"line":574,"column":4},"end":{"line":574,"column":53}},"257":{"start":{"line":575,"column":4},"end":{"line":575,"column":68}},"258":{"start":{"line":577,"column":20},"end":{"line":577,"column":58}},"259":{"start":{"line":579,"column":4},"end":{"line":579,"column":36}},"260":{"start":{"line":581,"column":4},"end":{"line":584,"column":null}},"261":{"start":{"line":582,"column":5},"end":{"line":582,"column":74}},"262":{"start":{"line":583,"column":5},"end":{"line":583,"column":12}},"263":{"start":{"line":587,"column":26},"end":{"line":587,"column":99}},"264":{"start":{"line":588,"column":4},"end":{"line":588,"column":85}},"265":{"start":{"line":591,"column":26},"end":{"line":591,"column":88}},"266":{"start":{"line":592,"column":4},"end":{"line":605,"column":7}},"267":{"start":{"line":594,"column":5},"end":{"line":602,"column":null}},"268":{"start":{"line":595,"column":19},"end":{"line":595,"column":68}},"269":{"start":{"line":596,"column":6},"end":{"line":601,"column":null}},"270":{"start":{"line":598,"column":20},"end":{"line":598,"column":53}},"271":{"start":{"line":599,"column":7},"end":{"line":599,"column":33}},"272":{"start":{"line":604,"column":5},"end":{"line":604,"column":18}},"273":{"start":{"line":608,"column":20},"end":{"line":608,"column":51}},"274":{"start":{"line":609,"column":4},"end":{"line":645,"column":6}},"275":{"start":{"line":646,"column":4},"end":{"line":646,"column":39}},"276":{"start":{"line":648,"column":24},"end":{"line":648,"column":62}},"277":{"start":{"line":650,"column":4},"end":{"line":718,"column":null}},"278":{"start":{"line":651,"column":22},"end":{"line":651,"column":48}},"279":{"start":{"line":652,"column":18},"end":{"line":655,"column":7}},"280":{"start":{"line":657,"column":5},"end":{"line":669,"column":8}},"281":{"start":{"line":658,"column":6},"end":{"line":658,"column":25}},"282":{"start":{"line":659,"column":19},"end":{"line":659,"column":68}},"283":{"start":{"line":660,"column":6},"end":{"line":668,"column":null}},"284":{"start":{"line":662,"column":7},"end":{"line":662,"column":62}},"285":{"start":{"line":667,"column":7},"end":{"line":667,"column":37}},"286":{"start":{"line":672,"column":21},"end":{"line":675,"column":7}},"287":{"start":{"line":678,"column":5},"end":{"line":683,"column":null}},"288":{"start":{"line":679,"column":28},"end":{"line":681,"column":8}},"289":{"start":{"line":682,"column":6},"end":{"line":682,"column":75}},"290":{"start":{"line":686,"column":23},"end":{"line":688,"column":7}},"291":{"start":{"line":691,"column":25},"end":{"line":691,"column":39}},"292":{"start":{"line":694,"column":5},"end":{"line":717,"column":null}},"293":{"start":{"line":696,"column":20},"end":{"line":696,"column":79}},"294":{"start":{"line":697,"column":26},"end":{"line":697,"column":31}},"295":{"start":{"line":699,"column":6},"end":{"line":713,"column":null}},"296":{"start":{"line":700,"column":7},"end":{"line":700,"column":27}},"297":{"start":{"line":700,"column":18},"end":{"line":700,"column":27}},"298":{"start":{"line":702,"column":7},"end":{"line":709,"column":null}},"299":{"start":{"line":704,"column":30},"end":{"line":704,"column":66}},"300":{"start":{"line":705,"column":8},"end":{"line":705,"column":58}},"301":{"start":{"line":708,"column":8},"end":{"line":708,"column":45}},"302":{"start":{"line":712,"column":7},"end":{"line":712,"column":38}},"303":{"start":{"line":716,"column":6},"end":{"line":716,"column":37}},"304":{"start":{"line":720,"column":4},"end":{"line":720,"column":53}},"305":{"start":{"line":721,"column":4},"end":{"line":721,"column":70}},"306":{"start":{"line":727,"column":24},"end":{"line":727,"column":28}},"307":{"start":{"line":728,"column":2},"end":{"line":728,"column":20}},"308":{"start":{"line":736,"column":2},"end":{"line":736,"column":21}},"309":{"start":{"line":737,"column":2},"end":{"line":737,"column":23}},"310":{"start":{"line":741,"column":26},"end":{"line":741,"column":30}},"311":{"start":{"line":743,"column":2},"end":{"line":743,"column":22}},"312":{"start":{"line":745,"column":2},"end":{"line":745,"column":59}},"313":{"start":{"line":748,"column":26},"end":{"line":748,"column":49}},"314":{"start":{"line":749,"column":2},"end":{"line":749,"column":50}},"315":{"start":{"line":752,"column":24},"end":{"line":752,"column":77}},"316":{"start":{"line":753,"column":2},"end":{"line":753,"column":43}},"317":{"start":{"line":756,"column":2},"end":{"line":782,"column":6}},"318":{"start":{"line":761,"column":4},"end":{"line":761,"column":50}},"319":{"start":{"line":762,"column":4},"end":{"line":762,"column":43}},"320":{"start":{"line":763,"column":4},"end":{"line":763,"column":56}},"321":{"start":{"line":766,"column":4},"end":{"line":766,"column":51}},"322":{"start":{"line":769,"column":4},"end":{"line":781,"column":7}},"323":{"start":{"line":771,"column":5},"end":{"line":771,"column":53}},"324":{"start":{"line":774,"column":5},"end":{"line":774,"column":20}},"325":{"start":{"line":777,"column":5},"end":{"line":777,"column":38}},"326":{"start":{"line":780,"column":5},"end":{"line":780,"column":38}},"327":{"start":{"line":785,"column":27},"end":{"line":785,"column":50}},"328":{"start":{"line":786,"column":2},"end":{"line":786,"column":53}},"329":{"start":{"line":789,"column":25},"end":{"line":789,"column":78}},"330":{"start":{"line":790,"column":2},"end":{"line":790,"column":44}},"331":{"start":{"line":793,"column":25},"end":{"line":793,"column":94}},"332":{"start":{"line":794,"column":2},"end":{"line":800,"column":38}},"333":{"start":{"line":801,"column":2},"end":{"line":801,"column":45}},"334":{"start":{"line":802,"column":2},"end":{"line":802,"column":39}},"335":{"start":{"line":803,"column":2},"end":{"line":803,"column":78}},"336":{"start":{"line":804,"column":2},"end":{"line":804,"column":44}},"337":{"start":{"line":805,"column":2},"end":{"line":805,"column":71}},"338":{"start":{"line":809,"column":24},"end":{"line":809,"column":89}},"339":{"start":{"line":810,"column":3},"end":{"line":810,"column":29}},"340":{"start":{"line":810,"column":22},"end":{"line":810,"column":29}},"341":{"start":{"line":812,"column":3},"end":{"line":812,"column":24}},"342":{"start":{"line":814,"column":3},"end":{"line":823,"column":null}},"343":{"start":{"line":815,"column":4},"end":{"line":815,"column":72}},"344":{"start":{"line":816,"column":4},"end":{"line":816,"column":51}},"345":{"start":{"line":817,"column":10},"end":{"line":823,"column":null}},"346":{"start":{"line":818,"column":4},"end":{"line":818,"column":59}},"347":{"start":{"line":819,"column":4},"end":{"line":819,"column":53}},"348":{"start":{"line":821,"column":4},"end":{"line":821,"column":58}},"349":{"start":{"line":822,"column":4},"end":{"line":822,"column":51}},"350":{"start":{"line":827,"column":29},"end":{"line":827,"column":57}},"351":{"start":{"line":828,"column":2},"end":{"line":828,"column":51}},"352":{"start":{"line":829,"column":2},"end":{"line":829,"column":49}},"353":{"start":{"line":831,"column":24},"end":{"line":877,"column":24}},"354":{"start":{"line":835,"column":4},"end":{"line":849,"column":8}},"355":{"start":{"line":839,"column":6},"end":{"line":839,"column":103}},"356":{"start":{"line":842,"column":6},"end":{"line":842,"column":48}},"357":{"start":{"line":843,"column":6},"end":{"line":843,"column":39}},"358":{"start":{"line":846,"column":6},"end":{"line":848,"column":null}},"359":{"start":{"line":847,"column":7},"end":{"line":847,"column":40}},"360":{"start":{"line":852,"column":4},"end":{"line":852,"column":35}},"361":{"start":{"line":853,"column":4},"end":{"line":853,"column":16}},"362":{"start":{"line":856,"column":4},"end":{"line":872,"column":7}},"363":{"start":{"line":860,"column":24},"end":{"line":860,"column":70}},"364":{"start":{"line":861,"column":6},"end":{"line":871,"column":null}},"365":{"start":{"line":862,"column":7},"end":{"line":870,"column":null}},"366":{"start":{"line":863,"column":8},"end":{"line":863,"column":32}},"367":{"start":{"line":864,"column":8},"end":{"line":864,"column":30}},"368":{"start":{"line":865,"column":8},"end":{"line":865,"column":42}},"369":{"start":{"line":867,"column":8},"end":{"line":867,"column":36}},"370":{"start":{"line":868,"column":8},"end":{"line":868,"column":34}},"371":{"start":{"line":869,"column":8},"end":{"line":869,"column":42}},"372":{"start":{"line":874,"column":4},"end":{"line":877,"column":23}},"373":{"start":{"line":880,"column":29},"end":{"line":880,"column":59}},"374":{"start":{"line":881,"column":2},"end":{"line":881,"column":56}},"375":{"start":{"line":882,"column":2},"end":{"line":882,"column":45}},"376":{"start":{"line":883,"column":2},"end":{"line":883,"column":45}},"377":{"start":{"line":886,"column":2},"end":{"line":886,"column":155}},"378":{"start":{"line":889,"column":29},"end":{"line":889,"column":57}},"379":{"start":{"line":890,"column":2},"end":{"line":890,"column":51}},"380":{"start":{"line":891,"column":2},"end":{"line":891,"column":49}},"381":{"start":{"line":893,"column":24},"end":{"line":939,"column":24}},"382":{"start":{"line":897,"column":4},"end":{"line":911,"column":8}},"383":{"start":{"line":901,"column":6},"end":{"line":901,"column":103}},"384":{"start":{"line":904,"column":6},"end":{"line":904,"column":48}},"385":{"start":{"line":905,"column":6},"end":{"line":905,"column":39}},"386":{"start":{"line":908,"column":6},"end":{"line":910,"column":null}},"387":{"start":{"line":909,"column":7},"end":{"line":909,"column":40}},"388":{"start":{"line":914,"column":4},"end":{"line":914,"column":35}},"389":{"start":{"line":915,"column":4},"end":{"line":915,"column":16}},"390":{"start":{"line":918,"column":4},"end":{"line":934,"column":7}},"391":{"start":{"line":922,"column":24},"end":{"line":922,"column":70}},"392":{"start":{"line":923,"column":6},"end":{"line":933,"column":null}},"393":{"start":{"line":924,"column":7},"end":{"line":932,"column":null}},"394":{"start":{"line":925,"column":8},"end":{"line":925,"column":32}},"395":{"start":{"line":926,"column":8},"end":{"line":926,"column":30}},"396":{"start":{"line":927,"column":8},"end":{"line":927,"column":42}},"397":{"start":{"line":929,"column":8},"end":{"line":929,"column":36}},"398":{"start":{"line":930,"column":8},"end":{"line":930,"column":34}},"399":{"start":{"line":931,"column":8},"end":{"line":931,"column":42}},"400":{"start":{"line":936,"column":4},"end":{"line":939,"column":23}},"401":{"start":{"line":942,"column":29},"end":{"line":942,"column":59}},"402":{"start":{"line":943,"column":2},"end":{"line":943,"column":56}},"403":{"start":{"line":944,"column":2},"end":{"line":944,"column":45}},"404":{"start":{"line":945,"column":2},"end":{"line":945,"column":45}},"405":{"start":{"line":948,"column":2},"end":{"line":948,"column":155}},"406":{"start":{"line":951,"column":32},"end":{"line":951,"column":60}},"407":{"start":{"line":952,"column":2},"end":{"line":952,"column":54}},"408":{"start":{"line":953,"column":2},"end":{"line":953,"column":52}},"409":{"start":{"line":955,"column":27},"end":{"line":1001,"column":24}},"410":{"start":{"line":959,"column":4},"end":{"line":973,"column":8}},"411":{"start":{"line":963,"column":6},"end":{"line":963,"column":109}},"412":{"start":{"line":966,"column":6},"end":{"line":966,"column":51}},"413":{"start":{"line":967,"column":6},"end":{"line":967,"column":39}},"414":{"start":{"line":970,"column":6},"end":{"line":972,"column":null}},"415":{"start":{"line":971,"column":7},"end":{"line":971,"column":40}},"416":{"start":{"line":976,"column":4},"end":{"line":976,"column":35}},"417":{"start":{"line":977,"column":4},"end":{"line":977,"column":16}},"418":{"start":{"line":980,"column":4},"end":{"line":996,"column":7}},"419":{"start":{"line":984,"column":24},"end":{"line":984,"column":73}},"420":{"start":{"line":985,"column":6},"end":{"line":995,"column":null}},"421":{"start":{"line":986,"column":7},"end":{"line":994,"column":null}},"422":{"start":{"line":987,"column":8},"end":{"line":987,"column":32}},"423":{"start":{"line":988,"column":8},"end":{"line":988,"column":30}},"424":{"start":{"line":989,"column":8},"end":{"line":989,"column":42}},"425":{"start":{"line":991,"column":8},"end":{"line":991,"column":36}},"426":{"start":{"line":992,"column":8},"end":{"line":992,"column":34}},"427":{"start":{"line":993,"column":8},"end":{"line":993,"column":42}},"428":{"start":{"line":998,"column":4},"end":{"line":1001,"column":23}},"429":{"start":{"line":1004,"column":32},"end":{"line":1004,"column":65}},"430":{"start":{"line":1005,"column":2},"end":{"line":1005,"column":59}},"431":{"start":{"line":1006,"column":2},"end":{"line":1006,"column":48}},"432":{"start":{"line":1007,"column":2},"end":{"line":1007,"column":48}},"433":{"start":{"line":1010,"column":2},"end":{"line":1010,"column":167}},"434":{"start":{"line":1013,"column":25},"end":{"line":1013,"column":48}},"435":{"start":{"line":1014,"column":2},"end":{"line":1014,"column":48}},"436":{"start":{"line":1017,"column":23},"end":{"line":1017,"column":81}},"437":{"start":{"line":1018,"column":2},"end":{"line":1018,"column":42}},"438":{"start":{"line":1021,"column":27},"end":{"line":1021,"column":83}},"439":{"start":{"line":1024,"column":23},"end":{"line":1080,"column":5}},"440":{"start":{"line":1029,"column":4},"end":{"line":1037,"column":null}},"441":{"start":{"line":1031,"column":5},"end":{"line":1031,"column":76}},"442":{"start":{"line":1034,"column":5},"end":{"line":1036,"column":null}},"443":{"start":{"line":1035,"column":6},"end":{"line":1035,"column":47}},"444":{"start":{"line":1040,"column":25},"end":{"line":1040,"column":51}},"445":{"start":{"line":1041,"column":24},"end":{"line":1042,"column":62}},"446":{"start":{"line":1042,"column":5},"end":{"line":1042,"column":61}},"447":{"start":{"line":1042,"column":35},"end":{"line":1042,"column":60}},"448":{"start":{"line":1044,"column":4},"end":{"line":1053,"column":null}},"449":{"start":{"line":1045,"column":5},"end":{"line":1045,"column":37}},"450":{"start":{"line":1046,"column":11},"end":{"line":1053,"column":null}},"451":{"start":{"line":1048,"column":26},"end":{"line":1048,"column":58}},"452":{"start":{"line":1049,"column":5},"end":{"line":1049,"column":37}},"453":{"start":{"line":1051,"column":5},"end":{"line":1051,"column":47}},"454":{"start":{"line":1052,"column":5},"end":{"line":1052,"column":32}},"455":{"start":{"line":1056,"column":4},"end":{"line":1077,"column":7}},"456":{"start":{"line":1058,"column":5},"end":{"line":1062,"column":null}},"457":{"start":{"line":1060,"column":6},"end":{"line":1060,"column":52}},"458":{"start":{"line":1061,"column":6},"end":{"line":1061,"column":13}},"459":{"start":{"line":1065,"column":19},"end":{"line":1065,"column":38}},"460":{"start":{"line":1066,"column":5},"end":{"line":1069,"column":null}},"461":{"start":{"line":1067,"column":6},"end":{"line":1067,"column":26}},"462":{"start":{"line":1068,"column":6},"end":{"line":1068,"column":50}},"463":{"start":{"line":1072,"column":5},"end":{"line":1072,"column":40}},"464":{"start":{"line":1073,"column":5},"end":{"line":1073,"column":38}},"465":{"start":{"line":1076,"column":5},"end":{"line":1076,"column":38}},"466":{"start":{"line":1079,"column":4},"end":{"line":1079,"column":20}},"467":{"start":{"line":1083,"column":22},"end":{"line":1083,"column":48}},"468":{"start":{"line":1084,"column":2},"end":{"line":1084,"column":47}},"469":{"start":{"line":1085,"column":2},"end":{"line":1085,"column":38}},"470":{"start":{"line":1086,"column":2},"end":{"line":1086,"column":42}},"471":{"start":{"line":1087,"column":2},"end":{"line":1087,"column":38}},"472":{"start":{"line":1088,"column":2},"end":{"line":1088,"column":48}},"473":{"start":{"line":1091,"column":23},"end":{"line":1091,"column":63}},"474":{"start":{"line":1092,"column":2},"end":{"line":1094,"column":null}},"475":{"start":{"line":1093,"column":3},"end":{"line":1093,"column":54}},"476":{"start":{"line":1096,"column":2},"end":{"line":1106,"column":8}},"477":{"start":{"line":1099,"column":24},"end":{"line":1106,"column":6}},"478":{"start":{"line":1104,"column":5},"end":{"line":1104,"column":44}},"479":{"start":{"line":1105,"column":5},"end":{"line":1105,"column":38}},"480":{"start":{"line":1108,"column":2},"end":{"line":1118,"column":8}},"481":{"start":{"line":1111,"column":24},"end":{"line":1118,"column":6}},"482":{"start":{"line":1116,"column":5},"end":{"line":1116,"column":46}},"483":{"start":{"line":1117,"column":5},"end":{"line":1117,"column":38}}},"fnMap":{"0":{"name":"(anonymous_0)","decl":{"start":{"line":31,"column":0},"end":{"line":31,"column":21}},"loc":{"start":{"line":31,"column":0},"end":{"line":390,"column":1}}},"1":{"name":"(anonymous_1)","decl":{"start":{"line":38,"column":1},"end":{"line":38,"column":13}},"loc":{"start":{"line":40,"column":48},"end":{"line":43,"column":2}}},"2":{"name":"(anonymous_2)","decl":{"start":{"line":46,"column":1},"end":{"line":46,"column":22}},"loc":{"start":{"line":46,"column":22},"end":{"line":77,"column":2}}},"3":{"name":"(anonymous_3)","decl":{"start":{"line":79,"column":1},"end":{"line":79,"column":6}},"loc":{"start":{"line":79,"column":13},"end":{"line":246,"column":2}}},"4":{"name":"(anonymous_4)","decl":{"start":{"line":88,"column":3},"end":{"line":88,"column":4}},"loc":{"start":{"line":88,"column":13},"end":{"line":88,"column":67}}},"5":{"name":"(anonymous_5)","decl":{"start":{"line":96,"column":69},"end":{"line":96,"column":74}},"loc":{"start":{"line":96,"column":80},"end":{"line":104,"column":3}}},"6":{"name":"(anonymous_6)","decl":{"start":{"line":110,"column":13},"end":{"line":110,"column":16}},"loc":{"start":{"line":110,"column":18},"end":{"line":118,"column":4}}},"7":{"name":"(anonymous_7)","decl":{"start":{"line":125,"column":19},"end":{"line":125,"column":24}},"loc":{"start":{"line":125,"column":64},"end":{"line":174,"column":4}}},"8":{"name":"(anonymous_8)","decl":{"start":{"line":181,"column":19},"end":{"line":181,"column":24}},"loc":{"start":{"line":181,"column":64},"end":{"line":217,"column":4}}},"9":{"name":"(anonymous_9)","decl":{"start":{"line":224,"column":13},"end":{"line":224,"column":16}},"loc":{"start":{"line":224,"column":18},"end":{"line":226,"column":4}}},"10":{"name":"(anonymous_10)","decl":{"start":{"line":233,"column":13},"end":{"line":233,"column":16}},"loc":{"start":{"line":233,"column":18},"end":{"line":241,"column":4}}},"11":{"name":"(anonymous_11)","decl":{"start":{"line":248,"column":1},"end":{"line":248,"column":9}},"loc":{"start":{"line":248,"column":9},"end":{"line":250,"column":2}}},"12":{"name":"(anonymous_12)","decl":{"start":{"line":257,"column":9},"end":{"line":257,"column":36}},"loc":{"start":{"line":257,"column":52},"end":{"line":302,"column":2}}},"13":{"name":"(anonymous_13)","decl":{"start":{"line":262,"column":45},"end":{"line":262,"column":54}},"loc":{"start":{"line":262,"column":57},"end":{"line":298,"column":3}}},"14":{"name":"(anonymous_14)","decl":{"start":{"line":304,"column":1},"end":{"line":304,"column":6}},"loc":{"start":{"line":304,"column":19},"end":{"line":349,"column":2}}},"15":{"name":"(anonymous_15)","decl":{"start":{"line":351,"column":1},"end":{"line":351,"column":6}},"loc":{"start":{"line":351,"column":19},"end":{"line":368,"column":2}}},"16":{"name":"(anonymous_16)","decl":{"start":{"line":370,"column":1},"end":{"line":370,"column":19}},"loc":{"start":{"line":370,"column":19},"end":{"line":389,"column":2}}},"17":{"name":"(anonymous_17)","decl":{"start":{"line":397,"column":1},"end":{"line":397,"column":13}},"loc":{"start":{"line":397,"column":52},"end":{"line":400,"column":2}}},"18":{"name":"(anonymous_18)","decl":{"start":{"line":402,"column":1},"end":{"line":402,"column":7}},"loc":{"start":{"line":402,"column":7},"end":{"line":501,"column":2}}},"19":{"name":"(anonymous_19)","decl":{"start":{"line":419,"column":13},"end":{"line":419,"column":16}},"loc":{"start":{"line":419,"column":19},"end":{"line":419,"column":42}}},"20":{"name":"(anonymous_20)","decl":{"start":{"line":422,"column":46},"end":{"line":422,"column":47}},"loc":{"start":{"line":422,"column":52},"end":{"line":427,"column":3}}},"21":{"name":"(anonymous_21)","decl":{"start":{"line":435,"column":41},"end":{"line":435,"column":44}},"loc":{"start":{"line":435,"column":47},"end":{"line":435,"column":59}}},"22":{"name":"(anonymous_22)","decl":{"start":{"line":439,"column":41},"end":{"line":439,"column":44}},"loc":{"start":{"line":439,"column":47},"end":{"line":439,"column":67}}},"23":{"name":"(anonymous_23)","decl":{"start":{"line":442,"column":23},"end":{"line":442,"column":28}},"loc":{"start":{"line":442,"column":34},"end":{"line":500,"column":3}}},"24":{"name":"(anonymous_24)","decl":{"start":{"line":503,"column":1},"end":{"line":503,"column":8}},"loc":{"start":{"line":503,"column":8},"end":{"line":506,"column":2}}},"25":{"name":"(anonymous_25)","decl":{"start":{"line":515,"column":1},"end":{"line":515,"column":13}},"loc":{"start":{"line":515,"column":51},"end":{"line":518,"column":2}}},"26":{"name":"(anonymous_26)","decl":{"start":{"line":520,"column":1},"end":{"line":520,"column":7}},"loc":{"start":{"line":520,"column":7},"end":{"line":724,"column":2}}},"27":{"name":"(anonymous_27)","decl":{"start":{"line":537,"column":48},"end":{"line":537,"column":49}},"loc":{"start":{"line":537,"column":54},"end":{"line":542,"column":3}}},"28":{"name":"(anonymous_28)","decl":{"start":{"line":545,"column":13},"end":{"line":545,"column":16}},"loc":{"start":{"line":545,"column":19},"end":{"line":545,"column":44}}},"29":{"name":"(anonymous_29)","decl":{"start":{"line":553,"column":41},"end":{"line":553,"column":44}},"loc":{"start":{"line":553,"column":47},"end":{"line":553,"column":59}}},"30":{"name":"(anonymous_30)","decl":{"start":{"line":557,"column":41},"end":{"line":557,"column":44}},"loc":{"start":{"line":557,"column":47},"end":{"line":557,"column":67}}},"31":{"name":"(anonymous_31)","decl":{"start":{"line":560,"column":23},"end":{"line":560,"column":28}},"loc":{"start":{"line":560,"column":34},"end":{"line":723,"column":3}}},"32":{"name":"(anonymous_32)","decl":{"start":{"line":592,"column":44},"end":{"line":592,"column":49}},"loc":{"start":{"line":592,"column":55},"end":{"line":605,"column":5}}},"33":{"name":"(anonymous_33)","decl":{"start":{"line":657,"column":36},"end":{"line":657,"column":41}},"loc":{"start":{"line":657,"column":48},"end":{"line":669,"column":6}}},"34":{"name":"(anonymous_34)","decl":{"start":{"line":726,"column":1},"end":{"line":726,"column":8}},"loc":{"start":{"line":726,"column":8},"end":{"line":729,"column":2}}},"35":{"name":"(anonymous_35)","decl":{"start":{"line":735,"column":1},"end":{"line":735,"column":13}},"loc":{"start":{"line":735,"column":49},"end":{"line":738,"column":2}}},"36":{"name":"(anonymous_36)","decl":{"start":{"line":740,"column":1},"end":{"line":740,"column":8}},"loc":{"start":{"line":740,"column":8},"end":{"line":1119,"column":2}}},"37":{"name":"(anonymous_37)","decl":{"start":{"line":759,"column":16},"end":{"line":759,"column":24}},"loc":{"start":{"line":759,"column":27},"end":{"line":782,"column":4}}},"38":{"name":"(anonymous_38)","decl":{"start":{"line":769,"column":22},"end":{"line":769,"column":27}},"loc":{"start":{"line":769,"column":38},"end":{"line":781,"column":5}}},"39":{"name":"updateApiKeyValidationStatus","decl":{"start":{"line":808,"column":11},"end":{"line":808,"column":39}},"loc":{"start":{"line":808,"column":99},"end":{"line":824,"column":3}}},"40":{"name":"(anonymous_40)","decl":{"start":{"line":834,"column":12},"end":{"line":834,"column":16}},"loc":{"start":{"line":834,"column":19},"end":{"line":854,"column":4}}},"41":{"name":"(anonymous_41)","decl":{"start":{"line":837,"column":15},"end":{"line":837,"column":20}},"loc":{"start":{"line":837,"column":31},"end":{"line":849,"column":6}}},"42":{"name":"(anonymous_42)","decl":{"start":{"line":855,"column":19},"end":{"line":855,"column":25}},"loc":{"start":{"line":856,"column":4},"end":{"line":872,"column":7}}},"43":{"name":"(anonymous_43)","decl":{"start":{"line":859,"column":14},"end":{"line":859,"column":17}},"loc":{"start":{"line":859,"column":19},"end":{"line":872,"column":6}}},"44":{"name":"(anonymous_44)","decl":{"start":{"line":873,"column":19},"end":{"line":873,"column":25}},"loc":{"start":{"line":874,"column":4},"end":{"line":877,"column":23}}},"45":{"name":"(anonymous_45)","decl":{"start":{"line":877,"column":14},"end":{"line":877,"column":17}},"loc":{"start":{"line":877,"column":19},"end":{"line":877,"column":22}}},"46":{"name":"(anonymous_46)","decl":{"start":{"line":896,"column":12},"end":{"line":896,"column":16}},"loc":{"start":{"line":896,"column":19},"end":{"line":916,"column":4}}},"47":{"name":"(anonymous_47)","decl":{"start":{"line":899,"column":15},"end":{"line":899,"column":20}},"loc":{"start":{"line":899,"column":31},"end":{"line":911,"column":6}}},"48":{"name":"(anonymous_48)","decl":{"start":{"line":917,"column":19},"end":{"line":917,"column":25}},"loc":{"start":{"line":918,"column":4},"end":{"line":934,"column":7}}},"49":{"name":"(anonymous_49)","decl":{"start":{"line":921,"column":14},"end":{"line":921,"column":17}},"loc":{"start":{"line":921,"column":19},"end":{"line":934,"column":6}}},"50":{"name":"(anonymous_50)","decl":{"start":{"line":935,"column":19},"end":{"line":935,"column":25}},"loc":{"start":{"line":936,"column":4},"end":{"line":939,"column":23}}},"51":{"name":"(anonymous_51)","decl":{"start":{"line":939,"column":14},"end":{"line":939,"column":17}},"loc":{"start":{"line":939,"column":19},"end":{"line":939,"column":22}}},"52":{"name":"(anonymous_52)","decl":{"start":{"line":958,"column":12},"end":{"line":958,"column":16}},"loc":{"start":{"line":958,"column":19},"end":{"line":978,"column":4}}},"53":{"name":"(anonymous_53)","decl":{"start":{"line":961,"column":15},"end":{"line":961,"column":20}},"loc":{"start":{"line":961,"column":31},"end":{"line":973,"column":6}}},"54":{"name":"(anonymous_54)","decl":{"start":{"line":979,"column":19},"end":{"line":979,"column":25}},"loc":{"start":{"line":980,"column":4},"end":{"line":996,"column":7}}},"55":{"name":"(anonymous_55)","decl":{"start":{"line":983,"column":14},"end":{"line":983,"column":17}},"loc":{"start":{"line":983,"column":19},"end":{"line":996,"column":6}}},"56":{"name":"(anonymous_56)","decl":{"start":{"line":997,"column":19},"end":{"line":997,"column":25}},"loc":{"start":{"line":998,"column":4},"end":{"line":1001,"column":23}}},"57":{"name":"(anonymous_57)","decl":{"start":{"line":1001,"column":14},"end":{"line":1001,"column":17}},"loc":{"start":{"line":1001,"column":19},"end":{"line":1001,"column":22}}},"58":{"name":"(anonymous_58)","decl":{"start":{"line":1027,"column":16},"end":{"line":1027,"column":24}},"loc":{"start":{"line":1027,"column":27},"end":{"line":1080,"column":4}}},"59":{"name":"(anonymous_59)","decl":{"start":{"line":1041,"column":46},"end":{"line":1041,"column":54}},"loc":{"start":{"line":1042,"column":5},"end":{"line":1042,"column":61}}},"60":{"name":"(anonymous_60)","decl":{"start":{"line":1042,"column":26},"end":{"line":1042,"column":31}},"loc":{"start":{"line":1042,"column":35},"end":{"line":1042,"column":60}}},"61":{"name":"(anonymous_61)","decl":{"start":{"line":1056,"column":22},"end":{"line":1056,"column":27}},"loc":{"start":{"line":1056,"column":46},"end":{"line":1077,"column":5}}},"62":{"name":"(anonymous_62)","decl":{"start":{"line":1099,"column":14},"end":{"line":1099,"column":20}},"loc":{"start":{"line":1099,"column":24},"end":{"line":1106,"column":6}}},"63":{"name":"(anonymous_63)","decl":{"start":{"line":1103,"column":14},"end":{"line":1103,"column":19}},"loc":{"start":{"line":1103,"column":30},"end":{"line":1106,"column":5}}},"64":{"name":"(anonymous_64)","decl":{"start":{"line":1111,"column":14},"end":{"line":1111,"column":20}},"loc":{"start":{"line":1111,"column":24},"end":{"line":1118,"column":6}}},"65":{"name":"(anonymous_65)","decl":{"start":{"line":1115,"column":14},"end":{"line":1115,"column":19}},"loc":{"start":{"line":1115,"column":30},"end":{"line":1118,"column":5}}}},"branchMap":{"0":{"loc":{"start":{"line":52,"column":2},"end":{"line":56,"column":null}},"type":"if","locations":[{"start":{"line":52,"column":2},"end":{"line":56,"column":null}}]},"1":{"loc":{"start":{"line":61,"column":2},"end":{"line":64,"column":null}},"type":"if","locations":[{"start":{"line":61,"column":2},"end":{"line":64,"column":null}}]},"2":{"loc":{"start":{"line":98,"column":3},"end":{"line":101,"column":null}},"type":"if","locations":[{"start":{"line":98,"column":3},"end":{"line":101,"column":null}}]},"3":{"loc":{"start":{"line":112,"column":4},"end":{"line":115,"column":null}},"type":"if","locations":[{"start":{"line":112,"column":4},"end":{"line":115,"column":null}}]},"4":{"loc":{"start":{"line":127,"column":4},"end":{"line":130,"column":null}},"type":"if","locations":[{"start":{"line":127,"column":4},"end":{"line":130,"column":null}}]},"5":{"loc":{"start":{"line":133,"column":4},"end":{"line":136,"column":null}},"type":"if","locations":[{"start":{"line":133,"column":4},"end":{"line":136,"column":null}}]},"6":{"loc":{"start":{"line":141,"column":5},"end":{"line":144,"column":null}},"type":"if","locations":[{"start":{"line":141,"column":5},"end":{"line":144,"column":null}}]},"7":{"loc":{"start":{"line":154,"column":20},"end":{"line":154,"column":50}},"type":"binary-expr","locations":[{"start":{"line":154,"column":20},"end":{"line":154,"column":44}},{"start":{"line":154,"column":48},"end":{"line":154,"column":50}}]},"8":{"loc":{"start":{"line":154,"column":20},"end":{"line":154,"column":44}},"type":"cond-expr","locations":[{"start":{"line":154,"column":38},"end":{"line":154,"column":40}},{"start":{"line":154,"column":38},"end":{"line":154,"column":44}}]},"9":{"loc":{"start":{"line":154,"column":20},"end":{"line":154,"column":40}},"type":"binary-expr","locations":[{"start":{"line":154,"column":20},"end":{"line":154,"column":40}},{"start":{"line":154,"column":38},"end":{"line":154,"column":40}}]},"10":{"loc":{"start":{"line":155,"column":28},"end":{"line":155,"column":54}},"type":"cond-expr","locations":[{"start":{"line":155,"column":37},"end":{"line":155,"column":49}},{"start":{"line":155,"column":52},"end":{"line":155,"column":54}}]},"11":{"loc":{"start":{"line":168,"column":5},"end":{"line":170,"column":null}},"type":"if","locations":[{"start":{"line":168,"column":5},"end":{"line":170,"column":null}}]},"12":{"loc":{"start":{"line":183,"column":4},"end":{"line":186,"column":null}},"type":"if","locations":[{"start":{"line":183,"column":4},"end":{"line":186,"column":null}}]},"13":{"loc":{"start":{"line":189,"column":4},"end":{"line":192,"column":null}},"type":"if","locations":[{"start":{"line":189,"column":4},"end":{"line":192,"column":null}}]},"14":{"loc":{"start":{"line":197,"column":5},"end":{"line":200,"column":null}},"type":"if","locations":[{"start":{"line":197,"column":5},"end":{"line":200,"column":null}}]},"15":{"loc":{"start":{"line":235,"column":4},"end":{"line":238,"column":null}},"type":"if","locations":[{"start":{"line":235,"column":4},"end":{"line":238,"column":null}}]},"16":{"loc":{"start":{"line":267,"column":3},"end":{"line":270,"column":null}},"type":"if","locations":[{"start":{"line":267,"column":3},"end":{"line":270,"column":null}}]},"17":{"loc":{"start":{"line":267,"column":7},"end":{"line":268,"column":90}},"type":"binary-expr","locations":[{"start":{"line":267,"column":7},"end":{"line":267,"column":32}},{"start":{"line":267,"column":36},"end":{"line":267,"column":61}},{"start":{"line":267,"column":65},"end":{"line":267,"column":90}},{"start":{"line":268,"column":4},"end":{"line":268,"column":29}},{"start":{"line":268,"column":33},"end":{"line":268,"column":59}},{"start":{"line":268,"column":63},"end":{"line":268,"column":90}}]},"18":{"loc":{"start":{"line":273,"column":3},"end":{"line":295,"column":null}},"type":"if","locations":[{"start":{"line":273,"column":3},"end":{"line":295,"column":null}}]},"19":{"loc":{"start":{"line":273,"column":7},"end":{"line":273,"column":58}},"type":"binary-expr","locations":[{"start":{"line":273,"column":7},"end":{"line":273,"column":29}},{"start":{"line":273,"column":33},"end":{"line":273,"column":58}}]},"20":{"loc":{"start":{"line":282,"column":5},"end":{"line":287,"column":null}},"type":"if","locations":[{"start":{"line":282,"column":5},"end":{"line":287,"column":null}},{"start":{"line":285,"column":12},"end":{"line":287,"column":null}}]},"21":{"loc":{"start":{"line":286,"column":22},"end":{"line":286,"column":44}},"type":"cond-expr","locations":[{"start":{"line":286,"column":36},"end":{"line":286,"column":39}},{"start":{"line":286,"column":42},"end":{"line":286,"column":44}}]},"22":{"loc":{"start":{"line":290,"column":4},"end":{"line":292,"column":null}},"type":"if","locations":[{"start":{"line":290,"column":4},"end":{"line":292,"column":null}}]},"23":{"loc":{"start":{"line":309,"column":2},"end":{"line":320,"column":null}},"type":"if","locations":[{"start":{"line":309,"column":2},"end":{"line":320,"column":null}}]},"24":{"loc":{"start":{"line":311,"column":3},"end":{"line":319,"column":null}},"type":"if","locations":[{"start":{"line":311,"column":3},"end":{"line":319,"column":null}},{"start":{"line":317,"column":10},"end":{"line":319,"column":null}}]},"25":{"loc":{"start":{"line":311,"column":7},"end":{"line":311,"column":61}},"type":"binary-expr","locations":[{"start":{"line":311,"column":7},"end":{"line":311,"column":16}},{"start":{"line":311,"column":20},"end":{"line":311,"column":61}}]},"26":{"loc":{"start":{"line":317,"column":10},"end":{"line":319,"column":null}},"type":"if","locations":[{"start":{"line":317,"column":10},"end":{"line":319,"column":null}}]},"27":{"loc":{"start":{"line":323,"column":2},"end":{"line":334,"column":null}},"type":"if","locations":[{"start":{"line":323,"column":2},"end":{"line":334,"column":null}}]},"28":{"loc":{"start":{"line":325,"column":3},"end":{"line":333,"column":null}},"type":"if","locations":[{"start":{"line":325,"column":3},"end":{"line":333,"column":null}},{"start":{"line":331,"column":10},"end":{"line":333,"column":null}}]},"29":{"loc":{"start":{"line":325,"column":7},"end":{"line":325,"column":61}},"type":"binary-expr","locations":[{"start":{"line":325,"column":7},"end":{"line":325,"column":16}},{"start":{"line":325,"column":20},"end":{"line":325,"column":61}}]},"30":{"loc":{"start":{"line":331,"column":10},"end":{"line":333,"column":null}},"type":"if","locations":[{"start":{"line":331,"column":10},"end":{"line":333,"column":null}}]},"31":{"loc":{"start":{"line":337,"column":2},"end":{"line":348,"column":null}},"type":"if","locations":[{"start":{"line":337,"column":2},"end":{"line":348,"column":null}}]},"32":{"loc":{"start":{"line":339,"column":3},"end":{"line":347,"column":null}},"type":"if","locations":[{"start":{"line":339,"column":3},"end":{"line":347,"column":null}},{"start":{"line":345,"column":10},"end":{"line":347,"column":null}}]},"33":{"loc":{"start":{"line":339,"column":7},"end":{"line":339,"column":64}},"type":"binary-expr","locations":[{"start":{"line":339,"column":7},"end":{"line":339,"column":16}},{"start":{"line":339,"column":20},"end":{"line":339,"column":64}}]},"34":{"loc":{"start":{"line":345,"column":10},"end":{"line":347,"column":null}},"type":"if","locations":[{"start":{"line":345,"column":10},"end":{"line":347,"column":null}}]},"35":{"loc":{"start":{"line":356,"column":2},"end":{"line":359,"column":null}},"type":"if","locations":[{"start":{"line":356,"column":2},"end":{"line":359,"column":null}}]},"36":{"loc":{"start":{"line":356,"column":6},"end":{"line":356,"column":53}},"type":"binary-expr","locations":[{"start":{"line":356,"column":6},"end":{"line":356,"column":12}},{"start":{"line":356,"column":16},"end":{"line":356,"column":53}}]},"37":{"loc":{"start":{"line":362,"column":2},"end":{"line":364,"column":null}},"type":"if","locations":[{"start":{"line":362,"column":2},"end":{"line":364,"column":null}}]},"38":{"loc":{"start":{"line":374,"column":2},"end":{"line":388,"column":null}},"type":"if","locations":[{"start":{"line":374,"column":2},"end":{"line":388,"column":null}},{"start":{"line":386,"column":9},"end":{"line":388,"column":null}}]},"39":{"loc":{"start":{"line":423,"column":3},"end":{"line":426,"column":null}},"type":"if","locations":[{"start":{"line":423,"column":3},"end":{"line":426,"column":null}}]},"40":{"loc":{"start":{"line":445,"column":3},"end":{"line":448,"column":null}},"type":"if","locations":[{"start":{"line":445,"column":3},"end":{"line":448,"column":null}}]},"41":{"loc":{"start":{"line":467,"column":4},"end":{"line":475,"column":null}},"type":"if","locations":[{"start":{"line":467,"column":4},"end":{"line":475,"column":null}}]},"42":{"loc":{"start":{"line":538,"column":3},"end":{"line":541,"column":null}},"type":"if","locations":[{"start":{"line":538,"column":3},"end":{"line":541,"column":null}}]},"43":{"loc":{"start":{"line":563,"column":3},"end":{"line":566,"column":null}},"type":"if","locations":[{"start":{"line":563,"column":3},"end":{"line":566,"column":null}}]},"44":{"loc":{"start":{"line":569,"column":4},"end":{"line":571,"column":null}},"type":"if","locations":[{"start":{"line":569,"column":4},"end":{"line":571,"column":null}}]},"45":{"loc":{"start":{"line":581,"column":4},"end":{"line":584,"column":null}},"type":"if","locations":[{"start":{"line":581,"column":4},"end":{"line":584,"column":null}}]},"46":{"loc":{"start":{"line":596,"column":6},"end":{"line":601,"column":null}},"type":"if","locations":[{"start":{"line":596,"column":6},"end":{"line":601,"column":null}}]},"47":{"loc":{"start":{"line":596,"column":10},"end":{"line":596,"column":39}},"type":"binary-expr","locations":[{"start":{"line":596,"column":10},"end":{"line":596,"column":14}},{"start":{"line":596,"column":18},"end":{"line":596,"column":39}}]},"48":{"loc":{"start":{"line":660,"column":6},"end":{"line":668,"column":null}},"type":"if","locations":[{"start":{"line":660,"column":6},"end":{"line":668,"column":null}}]},"49":{"loc":{"start":{"line":660,"column":10},"end":{"line":660,"column":39}},"type":"binary-expr","locations":[{"start":{"line":660,"column":10},"end":{"line":660,"column":14}},{"start":{"line":660,"column":18},"end":{"line":660,"column":39}}]},"50":{"loc":{"start":{"line":678,"column":5},"end":{"line":683,"column":null}},"type":"if","locations":[{"start":{"line":678,"column":5},"end":{"line":683,"column":null}}]},"51":{"loc":{"start":{"line":694,"column":5},"end":{"line":717,"column":null}},"type":"if","locations":[{"start":{"line":694,"column":5},"end":{"line":717,"column":null}},{"start":{"line":714,"column":12},"end":{"line":717,"column":null}}]},"52":{"loc":{"start":{"line":700,"column":7},"end":{"line":700,"column":27}},"type":"if","locations":[{"start":{"line":700,"column":7},"end":{"line":700,"column":27}}]},"53":{"loc":{"start":{"line":702,"column":7},"end":{"line":709,"column":null}},"type":"if","locations":[{"start":{"line":702,"column":7},"end":{"line":709,"column":null}},{"start":{"line":706,"column":14},"end":{"line":709,"column":null}}]},"54":{"loc":{"start":{"line":810,"column":3},"end":{"line":810,"column":29}},"type":"if","locations":[{"start":{"line":810,"column":3},"end":{"line":810,"column":29}}]},"55":{"loc":{"start":{"line":814,"column":3},"end":{"line":823,"column":null}},"type":"if","locations":[{"start":{"line":814,"column":3},"end":{"line":823,"column":null}},{"start":{"line":817,"column":10},"end":{"line":823,"column":null}}]},"56":{"loc":{"start":{"line":817,"column":10},"end":{"line":823,"column":null}},"type":"if","locations":[{"start":{"line":817,"column":10},"end":{"line":823,"column":null}},{"start":{"line":820,"column":10},"end":{"line":823,"column":null}}]},"57":{"loc":{"start":{"line":846,"column":6},"end":{"line":848,"column":null}},"type":"if","locations":[{"start":{"line":846,"column":6},"end":{"line":848,"column":null}}]},"58":{"loc":{"start":{"line":861,"column":6},"end":{"line":871,"column":null}},"type":"if","locations":[{"start":{"line":861,"column":6},"end":{"line":871,"column":null}}]},"59":{"loc":{"start":{"line":862,"column":7},"end":{"line":870,"column":null}},"type":"if","locations":[{"start":{"line":862,"column":7},"end":{"line":870,"column":null}},{"start":{"line":866,"column":14},"end":{"line":870,"column":null}}]},"60":{"loc":{"start":{"line":908,"column":6},"end":{"line":910,"column":null}},"type":"if","locations":[{"start":{"line":908,"column":6},"end":{"line":910,"column":null}}]},"61":{"loc":{"start":{"line":923,"column":6},"end":{"line":933,"column":null}},"type":"if","locations":[{"start":{"line":923,"column":6},"end":{"line":933,"column":null}}]},"62":{"loc":{"start":{"line":924,"column":7},"end":{"line":932,"column":null}},"type":"if","locations":[{"start":{"line":924,"column":7},"end":{"line":932,"column":null}},{"start":{"line":928,"column":14},"end":{"line":932,"column":null}}]},"63":{"loc":{"start":{"line":970,"column":6},"end":{"line":972,"column":null}},"type":"if","locations":[{"start":{"line":970,"column":6},"end":{"line":972,"column":null}}]},"64":{"loc":{"start":{"line":985,"column":6},"end":{"line":995,"column":null}},"type":"if","locations":[{"start":{"line":985,"column":6},"end":{"line":995,"column":null}}]},"65":{"loc":{"start":{"line":986,"column":7},"end":{"line":994,"column":null}},"type":"if","locations":[{"start":{"line":986,"column":7},"end":{"line":994,"column":null}},{"start":{"line":990,"column":14},"end":{"line":994,"column":null}}]},"66":{"loc":{"start":{"line":1044,"column":4},"end":{"line":1053,"column":null}},"type":"if","locations":[{"start":{"line":1044,"column":4},"end":{"line":1053,"column":null}},{"start":{"line":1046,"column":11},"end":{"line":1053,"column":null}}]},"67":{"loc":{"start":{"line":1046,"column":11},"end":{"line":1053,"column":null}},"type":"if","locations":[{"start":{"line":1046,"column":11},"end":{"line":1053,"column":null}}]},"68":{"loc":{"start":{"line":1046,"column":15},"end":{"line":1046,"column":83}},"type":"binary-expr","locations":[{"start":{"line":1046,"column":15},"end":{"line":1046,"column":42}},{"start":{"line":1046,"column":46},"end":{"line":1046,"column":83}}]},"69":{"loc":{"start":{"line":1058,"column":5},"end":{"line":1062,"column":null}},"type":"if","locations":[{"start":{"line":1058,"column":5},"end":{"line":1062,"column":null}}]},"70":{"loc":{"start":{"line":1066,"column":5},"end":{"line":1069,"column":null}},"type":"if","locations":[{"start":{"line":1066,"column":5},"end":{"line":1069,"column":null}}]},"71":{"loc":{"start":{"line":1066,"column":9},"end":{"line":1066,"column":29}},"type":"binary-expr","locations":[{"start":{"line":1066,"column":9},"end":{"line":1066,"column":14}},{"start":{"line":1066,"column":18},"end":{"line":1066,"column":29}}]},"72":{"loc":{"start":{"line":1092,"column":2},"end":{"line":1094,"column":null}},"type":"if","locations":[{"start":{"line":1092,"column":2},"end":{"line":1094,"column":null}}]}},"s":{"0":1,"1":1,"2":1,"3":1,"4":1,"5":1,"6":1,"7":1,"8":7,"9":7,"10":7,"11":0,"12":3,"13":3,"14":3,"15":1,"16":1,"17":2,"18":2,"19":1,"20":1,"21":1,"22":1,"23":1,"24":4,"25":4,"26":4,"27":0,"28":4,"29":0,"30":0,"31":0,"32":0,"33":0,"34":4,"35":0,"36":0,"37":0,"38":0,"39":0,"40":4,"41":0,"42":0,"43":0,"44":0,"45":0,"46":0,"47":0,"48":0,"49":0,"50":0,"51":0,"52":0,"53":0,"54":0,"55":0,"56":0,"57":0,"58":0,"59":0,"60":0,"61":0,"62":0,"63":0,"64":0,"65":0,"66":0,"67":4,"68":1,"69":1,"70":0,"71":0,"72":1,"73":1,"74":0,"75":0,"76":1,"77":1,"78":1,"79":0,"80":0,"81":1,"82":1,"83":1,"84":1,"85":1,"86":0,"87":4,"88":0,"89":4,"90":0,"91":0,"92":0,"93":0,"94":0,"95":4,"96":0,"97":0,"98":0,"99":0,"100":0,"101":0,"102":0,"103":0,"104":0,"105":0,"106":0,"107":0,"108":0,"109":0,"110":0,"111":0,"112":0,"113":0,"114":0,"115":0,"116":4,"117":4,"118":4,"119":4,"120":0,"121":0,"122":0,"123":0,"124":4,"125":0,"126":4,"127":4,"128":4,"129":0,"130":0,"131":0,"132":0,"133":4,"134":0,"135":4,"136":4,"137":4,"138":0,"139":0,"140":0,"141":0,"142":4,"143":0,"144":0,"145":0,"146":0,"147":0,"148":0,"149":0,"150":0,"151":0,"152":0,"153":4,"154":4,"155":0,"156":0,"157":0,"158":0,"159":0,"160":0,"161":0,"162":4,"163":1,"164":0,"165":0,"166":0,"167":0,"168":0,"169":0,"170":0,"171":0,"172":0,"173":0,"174":0,"175":0,"176":0,"177":0,"178":0,"179":0,"180":0,"181":0,"182":0,"183":0,"184":0,"185":0,"186":0,"187":0,"188":0,"189":0,"190":0,"191":0,"192":0,"193":0,"194":0,"195":0,"196":0,"197":0,"198":0,"199":0,"200":0,"201":0,"202":0,"203":0,"204":0,"205":0,"206":0,"207":0,"208":0,"209":0,"210":0,"211":0,"212":0,"213":0,"214":0,"215":0,"216":0,"217":0,"218":0,"219":0,"220":0,"221":0,"222":0,"223":0,"224":0,"225":0,"226":0,"227":0,"228":0,"229":0,"230":0,"231":0,"232":0,"233":0,"234":0,"235":0,"236":0,"237":0,"238":0,"239":0,"240":0,"241":0,"242":0,"243":0,"244":0,"245":0,"246":0,"247":0,"248":0,"249":0,"250":0,"251":0,"252":0,"253":0,"254":0,"255":0,"256":0,"257":0,"258":0,"259":0,"260":0,"261":0,"262":0,"263":0,"264":0,"265":0,"266":0,"267":0,"268":0,"269":0,"270":0,"271":0,"272":0,"273":0,"274":0,"275":0,"276":0,"277":0,"278":0,"279":0,"280":0,"281":0,"282":0,"283":0,"284":0,"285":0,"286":0,"287":0,"288":0,"289":0,"290":0,"291":0,"292":0,"293":0,"294":0,"295":0,"296":0,"297":0,"298":0,"299":0,"300":0,"301":0,"302":0,"303":0,"304":0,"305":0,"306":0,"307":0,"308":4,"309":4,"310":0,"311":0,"312":0,"313":0,"314":0,"315":0,"316":0,"317":0,"318":0,"319":0,"320":0,"321":0,"322":0,"323":0,"324":0,"325":0,"326":0,"327":0,"328":0,"329":0,"330":0,"331":0,"332":0,"333":0,"334":0,"335":0,"336":0,"337":0,"338":0,"339":0,"340":0,"341":0,"342":0,"343":0,"344":0,"345":0,"346":0,"347":0,"348":0,"349":0,"350":0,"351":0,"352":0,"353":0,"354":0,"355":0,"356":0,"357":0,"358":0,"359":0,"360":0,"361":0,"362":0,"363":0,"364":0,"365":0,"366":0,"367":0,"368":0,"369":0,"370":0,"371":0,"372":0,"373":0,"374":0,"375":0,"376":0,"377":0,"378":0,"379":0,"380":0,"381":0,"382":0,"383":0,"384":0,"385":0,"386":0,"387":0,"388":0,"389":0,"390":0,"391":0,"392":0,"393":0,"394":0,"395":0,"396":0,"397":0,"398":0,"399":0,"400":0,"401":0,"402":0,"403":0,"404":0,"405":0,"406":0,"407":0,"408":0,"409":0,"410":0,"411":0,"412":0,"413":0,"414":0,"415":0,"416":0,"417":0,"418":0,"419":0,"420":0,"421":0,"422":0,"423":0,"424":0,"425":0,"426":0,"427":0,"428":0,"429":0,"430":0,"431":0,"432":0,"433":0,"434":0,"435":0,"436":0,"437":0,"438":0,"439":0,"440":0,"441":0,"442":0,"443":0,"444":0,"445":0,"446":0,"447":0,"448":0,"449":0,"450":0,"451":0,"452":0,"453":0,"454":0,"455":0,"456":0,"457":0,"458":0,"459":0,"460":0,"461":0,"462":0,"463":0,"464":0,"465":0,"466":0,"467":0,"468":0,"469":0,"470":0,"471":0,"472":0,"473":0,"474":0,"475":0,"476":0,"477":0,"478":0,"479":0,"480":0,"481":0,"482":0,"483":0},"f":{"0":7,"1":0,"2":3,"3":4,"4":0,"5":0,"6":0,"7":0,"8":1,"9":0,"10":0,"11":0,"12":0,"13":0,"14":4,"15":0,"16":4,"17":0,"18":0,"19":0,"20":0,"21":0,"22":0,"23":0,"24":0,"25":0,"26":0,"27":0,"28":0,"29":0,"30":0,"31":0,"32":0,"33":0,"34":0,"35":4,"36":0,"37":0,"38":0,"39":0,"40":0,"41":0,"42":0,"43":0,"44":0,"45":0,"46":0,"47":0,"48":0,"49":0,"50":0,"51":0,"52":0,"53":0,"54":0,"55":0,"56":0,"57":0,"58":0,"59":0,"60":0,"61":0,"62":0,"63":0,"64":0,"65":0},"b":{"0":[1],"1":[1],"2":[0],"3":[0],"4":[0],"5":[0],"6":[0],"7":[0,0],"8":[0,0],"9":[0,0],"10":[0,0],"11":[0],"12":[0],"13":[0],"14":[0],"15":[0],"16":[0],"17":[0,0,0,0,0,0],"18":[0],"19":[0,0],"20":[0,0],"21":[0,0],"22":[0],"23":[4],"24":[0,4],"25":[4,0],"26":[0],"27":[4],"28":[0,4],"29":[4,0],"30":[0],"31":[4],"32":[0,4],"33":[4,0],"34":[0],"35":[0],"36":[0,0],"37":[0],"38":[0,4],"39":[0],"40":[0],"41":[0],"42":[0],"43":[0],"44":[0],"45":[0],"46":[0],"47":[0,0],"48":[0],"49":[0,0],"50":[0],"51":[0,0],"52":[0],"53":[0,0],"54":[0],"55":[0,0],"56":[0,0],"57":[0],"58":[0],"59":[0,0],"60":[0],"61":[0],"62":[0,0],"63":[0],"64":[0],"65":[0,0],"66":[0,0],"67":[0],"68":[0,0],"69":[0],"70":[0],"71":[0,0],"72":[0]}}
,"/Users/brettmiller/Documents/Codebase/Obsidian-Link/Obsidian-Link/src/services/highlighter.ts": {"path":"/Users/brettmiller/Documents/Codebase/Obsidian-Link/Obsidian-Link/src/services/highlighter.ts","statementMap":{"0":{"start":{"line":1,"column":0},"end":{"line":1,"column":73}},"1":{"start":{"line":10,"column":12},"end":{"line":10,"column":69}},"2":{"start":{"line":13,"column":8},"end":{"line":13,"column":23}},"3":{"start":{"line":14,"column":8},"end":{"line":14,"column":43}},"4":{"start":{"line":24,"column":8},"end":{"line":24,"column":60}},"5":{"start":{"line":24,"column":25},"end":{"line":24,"column":53}},"6":{"start":{"line":28,"column":36},"end":{"line":34,"column":10}},"7":{"start":{"line":29,"column":12},"end":{"line":33,"column":20}},"8":{"start":{"line":30,"column":16},"end":{"line":30,"column":45}},"9":{"start":{"line":32,"column":16},"end":{"line":32,"column":63}},"10":{"start":{"line":43,"column":46},"end":{"line":43,"column":50}},"11":{"start":{"line":46,"column":8},"end":{"line":50,"column":11}},"12":{"start":{"line":47,"column":12},"end":{"line":49,"column":null}},"13":{"start":{"line":48,"column":16},"end":{"line":48,"column":39}},"14":{"start":{"line":52,"column":8},"end":{"line":59,"column":null}},"15":{"start":{"line":54,"column":31},"end":{"line":54,"column":83}},"16":{"start":{"line":55,"column":12},"end":{"line":57,"column":null}},"17":{"start":{"line":56,"column":16},"end":{"line":56,"column":23}},"18":{"start":{"line":58,"column":12},"end":{"line":58,"column":36}},"19":{"start":{"line":62,"column":30},"end":{"line":62,"column":76}},"20":{"start":{"line":63,"column":8},"end":{"line":65,"column":null}},"21":{"start":{"line":64,"column":12},"end":{"line":64,"column":19}},"22":{"start":{"line":68,"column":8},"end":{"line":68,"column":47}},"23":{"start":{"line":71,"column":23},"end":{"line":71,"column":40}},"24":{"start":{"line":72,"column":24},"end":{"line":72,"column":41}},"25":{"start":{"line":75,"column":49},"end":{"line":75,"column":51}},"26":{"start":{"line":78,"column":8},"end":{"line":78,"column":34}},"27":{"start":{"line":81,"column":8},"end":{"line":150,"column":null}},"28":{"start":{"line":82,"column":12},"end":{"line":149,"column":null}},"29":{"start":{"line":83,"column":16},"end":{"line":83,"column":46}},"30":{"start":{"line":83,"column":37},"end":{"line":83,"column":46}},"31":{"start":{"line":86,"column":30},"end":{"line":86,"column":71}},"32":{"start":{"line":89,"column":16},"end":{"line":148,"column":null}},"33":{"start":{"line":90,"column":34},"end":{"line":90,"column":45}},"34":{"start":{"line":91,"column":32},"end":{"line":91,"column":55}},"35":{"start":{"line":94,"column":37},"end":{"line":94,"column":62}},"36":{"start":{"line":95,"column":35},"end":{"line":95,"column":58}},"37":{"start":{"line":98,"column":35},"end":{"line":98,"column":64}},"38":{"start":{"line":99,"column":20},"end":{"line":99,"column":63}},"39":{"start":{"line":102,"column":42},"end":{"line":102,"column":90}},"40":{"start":{"line":103,"column":20},"end":{"line":147,"column":null}},"41":{"start":{"line":104,"column":24},"end":{"line":104,"column":58}},"42":{"start":{"line":107,"column":43},"end":{"line":107,"column":80}},"43":{"start":{"line":110,"column":37},"end":{"line":110,"column":77}},"44":{"start":{"line":111,"column":35},"end":{"line":111,"column":71}},"45":{"start":{"line":114,"column":40},"end":{"line":114,"column":64}},"46":{"start":{"line":115,"column":38},"end":{"line":115,"column":60}},"47":{"start":{"line":118,"column":42},"end":{"line":121,"column":26}},"48":{"start":{"line":124,"column":24},"end":{"line":124,"column":59}},"49":{"start":{"line":125,"column":24},"end":{"line":125,"column":80}},"50":{"start":{"line":126,"column":24},"end":{"line":126,"column":58}},"51":{"start":{"line":127,"column":24},"end":{"line":127,"column":55}},"52":{"start":{"line":128,"column":24},"end":{"line":128,"column":51}},"53":{"start":{"line":132,"column":44},"end":{"line":132,"column":115}},"54":{"start":{"line":134,"column":24},"end":{"line":144,"column":null}},"55":{"start":{"line":136,"column":45},"end":{"line":136,"column":80}},"56":{"start":{"line":137,"column":47},"end":{"line":137,"column":84}},"57":{"start":{"line":139,"column":28},"end":{"line":139,"column":84}},"58":{"start":{"line":140,"column":28},"end":{"line":140,"column":87}},"59":{"start":{"line":141,"column":28},"end":{"line":141,"column":73}},"60":{"start":{"line":142,"column":28},"end":{"line":142,"column":56}},"61":{"start":{"line":143,"column":28},"end":{"line":143,"column":64}},"62":{"start":{"line":146,"column":24},"end":{"line":146,"column":55}},"63":{"start":{"line":153,"column":8},"end":{"line":206,"column":null}},"64":{"start":{"line":154,"column":28},"end":{"line":154,"column":64}},"65":{"start":{"line":155,"column":12},"end":{"line":205,"column":null}},"66":{"start":{"line":156,"column":30},"end":{"line":156,"column":54}},"67":{"start":{"line":157,"column":16},"end":{"line":204,"column":null}},"68":{"start":{"line":159,"column":20},"end":{"line":159,"column":77}},"69":{"start":{"line":162,"column":34},"end":{"line":162,"column":39}},"70":{"start":{"line":163,"column":32},"end":{"line":163,"column":54}},"71":{"start":{"line":164,"column":37},"end":{"line":164,"column":62}},"72":{"start":{"line":165,"column":35},"end":{"line":165,"column":58}},"73":{"start":{"line":168,"column":42},"end":{"line":168,"column":71}},"74":{"start":{"line":169,"column":20},"end":{"line":169,"column":78}},"75":{"start":{"line":172,"column":42},"end":{"line":172,"column":90}},"76":{"start":{"line":173,"column":20},"end":{"line":196,"column":null}},"77":{"start":{"line":174,"column":24},"end":{"line":174,"column":65}},"78":{"start":{"line":177,"column":44},"end":{"line":177,"column":115}},"79":{"start":{"line":178,"column":24},"end":{"line":195,"column":null}},"80":{"start":{"line":180,"column":45},"end":{"line":180,"column":80}},"81":{"start":{"line":181,"column":47},"end":{"line":181,"column":84}},"82":{"start":{"line":183,"column":28},"end":{"line":183,"column":70}},"83":{"start":{"line":184,"column":28},"end":{"line":184,"column":91}},"84":{"start":{"line":185,"column":28},"end":{"line":185,"column":94}},"85":{"start":{"line":186,"column":28},"end":{"line":186,"column":80}},"86":{"start":{"line":187,"column":28},"end":{"line":187,"column":63}},"87":{"start":{"line":188,"column":28},"end":{"line":188,"column":89}},"88":{"start":{"line":189,"column":28},"end":{"line":189,"column":69}},"89":{"start":{"line":190,"column":28},"end":{"line":190,"column":66}},"90":{"start":{"line":191,"column":28},"end":{"line":191,"column":62}},"91":{"start":{"line":192,"column":28},"end":{"line":192,"column":71}},"92":{"start":{"line":194,"column":28},"end":{"line":194,"column":66}},"93":{"start":{"line":199,"column":20},"end":{"line":199,"column":47}},"94":{"start":{"line":200,"column":20},"end":{"line":203,"column":29}},"95":{"start":{"line":209,"column":8},"end":{"line":211,"column":null}},"96":{"start":{"line":210,"column":12},"end":{"line":210,"column":68}},"97":{"start":{"line":219,"column":8},"end":{"line":235,"column":null}},"98":{"start":{"line":220,"column":28},"end":{"line":220,"column":59}},"99":{"start":{"line":221,"column":12},"end":{"line":221,"column":58}},"100":{"start":{"line":222,"column":12},"end":{"line":233,"column":14}},"101":{"start":{"line":234,"column":12},"end":{"line":234,"column":47}},"102":{"start":{"line":244,"column":23},"end":{"line":244,"column":52}},"103":{"start":{"line":245,"column":8},"end":{"line":245,"column":51}},"104":{"start":{"line":246,"column":8},"end":{"line":246,"column":43}},"105":{"start":{"line":247,"column":8},"end":{"line":247,"column":64}},"106":{"start":{"line":248,"column":8},"end":{"line":248,"column":42}},"107":{"start":{"line":249,"column":8},"end":{"line":249,"column":39}},"108":{"start":{"line":250,"column":8},"end":{"line":250,"column":35}},"109":{"start":{"line":251,"column":8},"end":{"line":251,"column":44}},"110":{"start":{"line":252,"column":8},"end":{"line":252,"column":22}},"111":{"start":{"line":261,"column":23},"end":{"line":261,"column":52}},"112":{"start":{"line":262,"column":8},"end":{"line":262,"column":59}},"113":{"start":{"line":263,"column":8},"end":{"line":263,"column":43}},"114":{"start":{"line":264,"column":8},"end":{"line":264,"column":62}},"115":{"start":{"line":265,"column":8},"end":{"line":265,"column":42}},"116":{"start":{"line":266,"column":8},"end":{"line":266,"column":39}},"117":{"start":{"line":267,"column":8},"end":{"line":267,"column":35}},"118":{"start":{"line":268,"column":8},"end":{"line":268,"column":44}},"119":{"start":{"line":269,"column":8},"end":{"line":269,"column":22}},"120":{"start":{"line":277,"column":27},"end":{"line":277,"column":58}},"121":{"start":{"line":278,"column":8},"end":{"line":283,"column":null}},"122":{"start":{"line":279,"column":12},"end":{"line":281,"column":null}},"123":{"start":{"line":280,"column":16},"end":{"line":280,"column":35}},"124":{"start":{"line":282,"column":12},"end":{"line":282,"column":47}},"125":{"start":{"line":290,"column":8},"end":{"line":294,"column":null}},"126":{"start":{"line":291,"column":12},"end":{"line":293,"column":null}},"127":{"start":{"line":292,"column":16},"end":{"line":292,"column":35}},"128":{"start":{"line":295,"column":8},"end":{"line":295,"column":38}},"129":{"start":{"line":302,"column":8},"end":{"line":302,"column":61}},"130":{"start":{"line":7,"column":0},"end":{"line":7,"column":13}}},"fnMap":{"0":{"name":"(anonymous_0)","decl":{"start":{"line":12,"column":4},"end":{"line":12,"column":16}},"loc":{"start":{"line":12,"column":54},"end":{"line":15,"column":5}}},"1":{"name":"(anonymous_1)","decl":{"start":{"line":21,"column":11},"end":{"line":21,"column":16}},"loc":{"start":{"line":21,"column":42},"end":{"line":35,"column":5}}},"2":{"name":"(anonymous_2)","decl":{"start":{"line":24,"column":19},"end":{"line":24,"column":22}},"loc":{"start":{"line":24,"column":25},"end":{"line":24,"column":53}}},"3":{"name":"(anonymous_3)","decl":{"start":{"line":28,"column":75},"end":{"line":28,"column":78}},"loc":{"start":{"line":28,"column":80},"end":{"line":34,"column":9}}},"4":{"name":"(anonymous_4)","decl":{"start":{"line":29,"column":23},"end":{"line":29,"column":26}},"loc":{"start":{"line":29,"column":28},"end":{"line":33,"column":13}}},"5":{"name":"(anonymous_5)","decl":{"start":{"line":41,"column":12},"end":{"line":41,"column":17}},"loc":{"start":{"line":41,"column":47},"end":{"line":212,"column":5}}},"6":{"name":"(anonymous_6)","decl":{"start":{"line":46,"column":44},"end":{"line":46,"column":48}},"loc":{"start":{"line":46,"column":51},"end":{"line":50,"column":9}}},"7":{"name":"(anonymous_7)","decl":{"start":{"line":217,"column":12},"end":{"line":217,"column":30}},"loc":{"start":{"line":217,"column":30},"end":{"line":236,"column":5}}},"8":{"name":"(anonymous_8)","decl":{"start":{"line":243,"column":12},"end":{"line":243,"column":33}},"loc":{"start":{"line":243,"column":46},"end":{"line":253,"column":5}}},"9":{"name":"(anonymous_9)","decl":{"start":{"line":260,"column":12},"end":{"line":260,"column":40}},"loc":{"start":{"line":260,"column":53},"end":{"line":270,"column":5}}},"10":{"name":"(anonymous_10)","decl":{"start":{"line":276,"column":11},"end":{"line":276,"column":33}},"loc":{"start":{"line":276,"column":46},"end":{"line":284,"column":5}}},"11":{"name":"(anonymous_11)","decl":{"start":{"line":289,"column":11},"end":{"line":289,"column":29}},"loc":{"start":{"line":289,"column":29},"end":{"line":296,"column":5}}},"12":{"name":"(anonymous_12)","decl":{"start":{"line":301,"column":12},"end":{"line":301,"column":24}},"loc":{"start":{"line":301,"column":39},"end":{"line":303,"column":5}}}},"branchMap":{"0":{"loc":{"start":{"line":47,"column":12},"end":{"line":49,"column":null}},"type":"if","locations":[{"start":{"line":47,"column":12},"end":{"line":49,"column":null}}]},"1":{"loc":{"start":{"line":47,"column":16},"end":{"line":47,"column":87}},"type":"binary-expr","locations":[{"start":{"line":47,"column":16},"end":{"line":47,"column":49}},{"start":{"line":47,"column":53},"end":{"line":47,"column":87}}]},"2":{"loc":{"start":{"line":47,"column":53},"end":{"line":47,"column":73}},"type":"cond-expr","locations":[{"start":{"line":47,"column":67},"end":{"line":47,"column":69}},{"start":{"line":47,"column":67},"end":{"line":47,"column":73}}]},"3":{"loc":{"start":{"line":47,"column":53},"end":{"line":47,"column":69}},"type":"binary-expr","locations":[{"start":{"line":47,"column":53},"end":{"line":47,"column":69}},{"start":{"line":47,"column":67},"end":{"line":47,"column":69}}]},"4":{"loc":{"start":{"line":52,"column":8},"end":{"line":59,"column":null}},"type":"if","locations":[{"start":{"line":52,"column":8},"end":{"line":59,"column":null}}]},"5":{"loc":{"start":{"line":55,"column":12},"end":{"line":57,"column":null}},"type":"if","locations":[{"start":{"line":55,"column":12},"end":{"line":57,"column":null}}]},"6":{"loc":{"start":{"line":55,"column":16},"end":{"line":55,"column":66}},"type":"binary-expr","locations":[{"start":{"line":55,"column":16},"end":{"line":55,"column":27}},{"start":{"line":55,"column":31},"end":{"line":55,"column":66}}]},"7":{"loc":{"start":{"line":55,"column":31},"end":{"line":55,"column":52}},"type":"cond-expr","locations":[{"start":{"line":55,"column":46},"end"
[...]
nd":{"line":144,"column":100}},"type":"binary-expr","locations":[{"start":{"line":144,"column":16},"end":{"line":144,"column":36}},{"start":{"line":144,"column":41},"end":{"line":144,"column":54}},{"start":{"line":144,"column":58},"end":{"line":144,"column":99}}]},"10":{"loc":{"start":{"line":147,"column":16},"end":{"line":161,"column":null}},"type":"if","locations":[{"start":{"line":147,"column":16},"end":{"line":161,"column":null}},{"start":{"line":153,"column":23},"end":{"line":161,"column":null}}]},"11":{"loc":{"start":{"line":148,"column":40},"end":{"line":148,"column":98}},"type":"binary-expr","locations":[{"start":{"line":148,"column":40},"end":{"line":148,"column":56}},{"start":{"line":148,"column":60},"end":{"line":148,"column":98}}]},"12":{"loc":{"start":{"line":150,"column":20},"end":{"line":152,"column":null}},"type":"if","locations":[{"start":{"line":150,"column":20},"end":{"line":152,"column":null}}]},"13":{"loc":{"start":{"line":153,"column":23},"end":{"line":161,"column":null}},"type":"if","locations":[{"start":{"line":153,"column":23},"end":{"line":161,"column":null}},{"start":{"line":159,"column":23},"end":{"line":161,"column":null}}]},"14":{"loc":{"start":{"line":154,"column":40},"end":{"line":154,"column":87}},"type":"binary-expr","locations":[{"start":{"line":154,"column":40},"end":{"line":154,"column":56}},{"start":{"line":154,"column":60},"end":{"line":154,"column":87}}]},"15":{"loc":{"start":{"line":156,"column":20},"end":{"line":158,"column":null}},"type":"if","locations":[{"start":{"line":156,"column":20},"end":{"line":158,"column":null}}]},"16":{"loc":{"start":{"line":165,"column":19},"end":{"line":186,"column":null}},"type":"if","locations":[{"start":{"line":165,"column":19},"end":{"line":186,"column":null}},{"start":{"line":169,"column":19},"end":{"line":186,"column":null}}]},"17":{"loc":{"start":{"line":165,"column":23},"end":{"line":165,"column":106}},"type":"binary-expr","locations":[{"start":{"line":165,"column":23},"end":{"line":165,"column":43}},{"start":{"line":165,"column":48},"end":{"line":165,"column":61}},{"start":{"line":165,"column":65},"end":{"line":165,"column":105}}]},"18":{"loc":{"start":{"line":169,"column":19},"end":{"line":186,"column":null}},"type":"if","locations":[{"start":{"line":169,"column":19},"end":{"line":186,"column":null}},{"start":{"line":173,"column":19},"end":{"line":186,"column":null}}]},"19":{"loc":{"start":{"line":169,"column":23},"end":{"line":169,"column":102}},"type":"binary-expr","locations":[{"start":{"line":169,"column":23},"end":{"line":169,"column":43}},{"start":{"line":169,"column":48},"end":{"line":169,"column":61}},{"start":{"line":169,"column":65},"end":{"line":169,"column":101}}]},"20":{"loc":{"start":{"line":173,"column":19},"end":{"line":186,"column":null}},"type":"if","locations":[{"start":{"line":173,"column":19},"end":{"line":186,"column":null}},{"start":{"line":182,"column":19},"end":{"line":186,"column":null}}]},"21":{"loc":{"start":{"line":173,"column":23},"end":{"line":173,"column":107}},"type":"binary-expr","locations":[{"start":{"line":173,"column":23},"end":{"line":173,"column":43}},{"start":{"line":173,"column":48},"end":{"line":173,"column":61}},{"start":{"line":173,"column":65},"end":{"line":173,"column":106}}]},"22":{"loc":{"start":{"line":176,"column":16},"end":{"line":178,"column":null}},"type":"if","locations":[{"start":{"line":176,"column":16},"end":{"line":178,"column":null}}]},"23":{"loc":{"start":{"line":176,"column":20},"end":{"line":176,"column":68}},"type":"binary-expr","locations":[{"start":{"line":176,"column":20},"end":{"line":176,"column":33}},{"start":{"line":176,"column":37},"end":{"line":176,"column":68}}]},"24":{"loc":{"start":{"line":183,"column":68},"end":{"line":183,"column":100}},"type":"binary-expr","locations":[{"start":{"line":183,"column":68},"end":{"line":183,"column":81}},{"start":{"line":183,"column":85},"end":{"line":183,"column":100}}]}},"s":{"0":6,"1":6,"2":6,"3":0,"4":0,"5":0,"6":0,"7":0,"8":6,"9":0,"10":0,"11":0,"12":0,"13":0,"14":0,"15":0,"16":0,"17":0,"18":0,"19":0,"20":0,"21":0,"22":0,"23":0,"24":0,"25":0,"26":0,"27":0,"28":0,"29":0,"30":0,"31":0,"32":0,"33":0,"34":0,"35":0,"36":0,"37":0,"38":0,"39":0,"40":0,"41":0,"42":0,"43":0,"44":0,"45":0,"46":0,"47":0,"48":0,"49":0,"50":0,"51":0,"52":0,"53":0,"54":0,"55":0,"56":0,"57":0,"58":6},"f":{"0":0,"1":0,"2":0,"3":0,"4":0,"5":0},"b":{"0":[0],"1":[0],"2":[0],"3":[0,0],"4":[0,0],"5":[0,0],"6":[0,0],"7":[0,0],"8":[0,0],"9":[0,0,0],"10":[0,0],"11":[0,0],"12":[0],"13":[0,0],"14":[0,0],"15":[0],"16":[0,0],"17":[0,0,0],"18":[0,0],"19":[0,0,0],"20":[0,0],"21":[0,0,0],"22":[0],"23":[0,0],"24":[0,0]}}
,"/Users/brettmiller/Documents/Codebase/Obsidian-Link/Obsidian-Link/src/utils/ai-providers/provider-factory.ts": {"path":"/Users/brettmiller/Documents/Codebase/Obsidian-Link/Obsidian-Link/src/utils/ai-providers/provider-factory.ts","statementMap":{"0":{"start":{"line":1,"column":0},"end":{"line":1,"column":75}},"1":{"start":{"line":2,"column":0},"end":{"line":2,"column":51}},"2":{"start":{"line":3,"column":0},"end":{"line":3,"column":51}},"3":{"start":{"line":4,"column":0},"end":{"line":4,"column":57}},"4":{"start":{"line":16,"column":23},"end":{"line":16,"column":38}},"5":{"start":{"line":18,"column":8},"end":{"line":27,"column":null}},"6":{"start":{"line":20,"column":16},"end":{"line":20,"column":60}},"7":{"start":{"line":22,"column":16},"end":{"line":22,"column":60}},"8":{"start":{"line":24,"column":16},"end":{"line":24,"column":63}},"9":{"start":{"line":26,"column":16},"end":{"line":26,"column":77}},"10":{"start":{"line":36,"column":8},"end":{"line":67,"column":null}},"11":{"start":{"line":38,"column":16},"end":{"line":48,"column":18}},"12":{"start":{"line":50,"column":16},"end":{"line":57,"column":18}},"13":{"start":{"line":59,"column":16},"end":{"line":64,"column":18}},"14":{"start":{"line":66,"column":16},"end":{"line":66,"column":26}},"15":{"start":{"line":76,"column":8},"end":{"line":85,"column":null}},"16":{"start":{"line":78,"column":16},"end":{"line":78,"column":42}},"17":{"start":{"line":80,"column":16},"end":{"line":80,"column":39}},"18":{"start":{"line":82,"column":16},"end":{"line":82,"column":49}},"19":{"start":{"line":84,"column":16},"end":{"line":84,"column":68}},"20":{"start":{"line":9,"column":0},"end":{"line":9,"column":13}}},"fnMap":{"0":{"name":"(anonymous_0)","decl":{"start":{"line":15,"column":4},"end":{"line":15,"column":10}},"loc":{"start":{"line":15,"column":54},"end":{"line":28,"column":5}}},"1":{"name":"(anonymous_1)","decl":{"start":{"line":35,"column":4},"end":{"line":35,"column":10}},"loc":{"start":{"line":35,"column":46},"end":{"line":68,"column":5}}},"2":{"name":"(anonymous_2)","decl":{"start":{"line":75,"column":4},"end":{"line":75,"column":10}},"loc":{"start":{"line":75,"column":52},"end":{"line":86,"column":5}}}},"branchMap":{"0":{"loc":{"start":{"line":18,"column":8},"end":{"line":27,"column":null}},"type":"switch","locations":[{"start":{"line":19,"column":12},"end":{"line":20,"column":60}},{"start":{"line":21,"column":12},"end":{"line":22,"column":60}},{"start":{"line":23,"column":12},"end":{"line":24,"column":63}},{"start":{"line":25,"column":12},"end":{"line":26,"column":77}}]},"1":{"loc":{"start":{"line":36,"column":8},"end":{"line":67,"column":null}},"type":"switch","locations":[{"start":{"line":37,"column":12},"end":{"line":48,"column":18}},{"start":{"line":49,"column":12},"end":{"line":57,"column":18}},{"start":{"line":58,"column":12},"end":{"line":64,"column":18}},{"start":{"line":65,"column":12},"end":{"line":66,"column":26}}]},"2":{"loc":{"start":{"line":76,"column":8},"end":{"line":85,"column":null}},"type":"switch","locations":[{"start":{"line":77,"column":12},"end":{"line":78,"column":42}},{"start":{"line":79,"column":12},"end":{"line":80,"column":39}},{"start":{"line":81,"column":12},"end":{"line":82,"column":49}},{"start":{"line":83,"column":12},"end":{"line":84,"column":68}}]}},"s":{"0":6,"1":6,"2":6,"3":6,"4":0,"5":0,"6":0,"7":0,"8":0,"9":0,"10":0,"11":0,"12":0,"13":0,"14":0,"15":0,"16":0,"17":0,"18":0,"19":0,"20":6},"f":{"0":0,"1":0,"2":0},"b":{"0":[0,0,0,0],"1":[0,0,0,0],"2":[0,0,0,0]}}
,"/Users/brettmiller/Documents/Codebase/Obsidian-Link/Obsidian-Link/src/views/summary-view.ts": {"path":"/Users/brettmiller/Documents/Codebase/Obsidian-Link/Obsidian-Link/src/views/summary-view.ts","statementMap":{"0":{"start":{"line":1,"column":0},"end":{"line":1,"column":120}},"1":{"start":{"line":5,"column":13},"end":{"line":5,"column":62}},"2":{"start":{"line":7,"column":0},"end":{"line":7,"column":null}},"3":{"start":{"line":8,"column":4},"end":{"line":8,"column":null}},"4":{"start":{"line":9,"column":4},"end":{"line":9,"column":null}},"5":{"start":{"line":10,"column":4},"end":{"line":10,"column":null}},"6":{"start":{"line":32,"column":8},"end":{"line":32,"column":20}},"7":{"start":{"line":21,"column":12},"end":{"line":21,"column":40}},"8":{"start":{"line":22,"column":12},"end":{"line":22,"column":40}},"9":{"start":{"line":23,"column":12},"end":{"line":23,"column":45}},"10":{"start":{"line":24,"column":12},"end":{"line":24,"column":63}},"11":{"start":{"line":33,"column":8},"end":{"line":33,"column":33}},"12":{"start":{"line":34,"column":8},"end":{"line":34,"column":45}},"13":{"start":{"line":38,"column":8},"end":{"line":38,"column":33}},"14":{"start":{"line":42,"column":8},"end":{"line":42,"column":32}},"15":{"start":{"line":46,"column":8},"end":{"line":46,"column":27}},"16":{"start":{"line":50,"column":32},"end":{"line":50,"column":36}},"17":{"start":{"line":51,"column":8},"end":{"line":51,"column":28}},"18":{"start":{"line":52,"column":8},"end":{"line":52,"column":59}},"19":{"start":{"line":55,"column":8},"end":{"line":55,"column":68}},"20":{"start":{"line":58,"column":31},"end":{"line":58,"column":83}},"21":{"start":{"line":59,"column":8},"end":{"line":59,"column":69}},"22":{"start":{"line":61,"column":8},"end":{"line":71,"column":15}},"23":{"start":{"line":67,"column":16},"end":{"line":67,"column":42}},"24":{"start":{"line":68,"column":16},"end":{"line":70,"column":null}},"25":{"start":{"line":69,"column":20},"end":{"line":69,"column":86}},"26":{"start":{"line":74,"column":36},"end":{"line":74,"column":87}},"27":{"start":{"line":75,"column":8},"end":{"line":78,"column":46}},"28":{"start":{"line":78,"column":27},"end":{"line":78,"column":44}},"29":{"start":{"line":81,"column":8},"end":{"line":81,"column":66}},"30":{"start":{"line":82,"column":8},"end":{"line":82,"column":61}},"31":{"start":{"line":83,"column":8},"end":{"line":83,"column":46}},"32":{"start":{"line":86,"column":8},"end":{"line":86,"column":77}},"33":{"start":{"line":87,"column":8},"end":{"line":87,"column":85}},"34":{"start":{"line":88,"column":8},"end":{"line":90,"column":11}},"35":{"start":{"line":94,"column":8},"end":{"line":97,"column":null}},"36":{"start":{"line":95,"column":12},"end":{"line":95,"column":50}},"37":{"start":{"line":96,"column":12},"end":{"line":96,"column":19}},"38":{"start":{"line":99,"column":8},"end":{"line":99,"column":38}},"39":{"start":{"line":100,"column":8},"end":{"line":100,"column":32}},"40":{"start":{"line":103,"column":8},"end":{"line":103,"column":38}},"41":{"start":{"line":104,"column":8},"end":{"line":104,"column":46}},"42":{"start":{"line":106,"column":8},"end":{"line":135,"column":null}},"43":{"start":{"line":108,"column":12},"end":{"line":111,"column":14}},"44":{"start":{"line":114,"column":12},"end":{"line":114,"column":42}},"45":{"start":{"line":116,"column":12},"end":{"line":122,"column":null}},"46":{"start":{"line":117,"column":33},"end":{"line":117,"column":97}},"47":{"start":{"line":118,"column":16},"end":{"line":120,"column":19}},"48":{"start":{"line":121,"column":16},"end":{"line":121,"column":53}},"49":{"start":{"line":124,"column":37},"end":{"line":124,"column":83}},"50":{"start":{"line":125,"column":12},"end":{"line":125,"column":64}},"51":{"start":{"line":127,"column":12},"end":{"line":127,"column":42}},"52":{"start":{"line":128,"column":12},"end":{"line":131,"column":15}},"53":{"start":{"line":134,"column":12},"end":{"line":134,"column":50}},"54":{"start":{"line":139,"column":25},"end":{"line":139,"column":58}},"55":{"start":{"line":140,"column":24},"end":{"line":140,"column":53}},"56":{"start":{"line":143,"column":8},"end":{"line":143,"column":68}},"57":{"start":{"line":145,"column":8},"end":{"line":147,"column":null}},"58":{"start":{"line":146,"column":12},"end":{"line":146,"column":53}},"59":{"start":{"line":149,"column":8},"end":{"line":149,"column":24}},"60":{"start":{"line":153,"column":8},"end":{"line":156,"column":null}},"61":{"start":{"line":154,"column":12},"end":{"line":154,"column":45}},"62":{"start":{"line":155,"column":12},"end":{"line":155,"column":19}},"63":{"start":{"line":158,"column":8},"end":{"line":196,"column":null}},"64":{"start":{"line":160,"column":32},"end":{"line":160,"column":89}},"65":{"start":{"line":161,"column":33},"end":{"line":161,"column":57}},"66":{"start":{"line":164,"column":27},"end":{"line":164,"column":63}},"67":{"start":{"line":165,"column":32},"end":{"line":165,"column":81}},"68":{"start":{"line":168,"column":31},"end":{"line":168,"column":107}},"69":{"start":{"line":169,"column":26},"end":{"line":169,"column":28}},"70":{"start":{"line":171,"column":12},"end":{"line":175,"column":null}},"71":{"start":{"line":172,"column":16},"end":{"line":172,"column":130}},"72":{"start":{"line":174,"column":16},"end":{"line":174,"column":82}},"73":{"start":{"line":178,"column":12},"end":{"line":178,"column":120}},"74":{"start":{"line":181,"column":12},"end":{"line":181,"column":43}},"75":{"start":{"line":184,"column":12},"end":{"line":184,"column":62}},"76":{"start":{"line":187,"column":12},"end":{"line":187,"column":61}},"77":{"start":{"line":190,"column":28},"end":{"line":190,"column":77}},"78":{"start":{"line":191,"column":12},"end":{"line":193,"column":null}},"79":{"start":{"line":192,"column":16},"end":{"line":192,"column":69}},"80":{"start":{"line":195,"column":12},"end":{"line":195,"column":67}},"81":{"start":{"line":13,"column":0},"end":{"line":13,"column":13}}},"fnMap":{"0":{"name":"(anonymous_0)","decl":{"start":{"line":7,"column":0},"end":{"line":7,"column":12}},"loc":{"start":{"line":7,"column":24},"end":{"line":11,"column":1}}},"1":{"name":"(anonymous_1)","decl":{"start":{"line":27,"column":4},"end":{"line":27,"column":null}},"loc":{"start":{"line":30,"column":41},"end":{"line":35,"column":5}}},"2":{"name":"(anonymous_2)","decl":{"start":{"line":37,"column":4},"end":{"line":37,"column":15}},"loc":{"start":{"line":37,"column":15},"end":{"line":39,"column":5}}},"3":{"name":"(anonymous_3)","decl":{"start":{"line":41,"column":4},"end":{"line":41,"column":18}},"loc":{"start":{"line":41,"column":18},"end":{"line":43,"column":5}}},"4":{"name":"(anonymous_4)","decl":{"start":{"line":45,"column":4},"end":{"line":45,"column":11}},"loc":{"start":{"line":45,"column":11},"end":{"line":47,"column":5}}},"5":{"name":"(anonymous_5)","decl":{"start":{"line":49,"column":4},"end":{"line":49,"column":9}},"loc":{"start":{"line":49,"column":16},"end":{"line":91,"column":5}}},"6":{"name":"(anonymous_6)","decl":{"start":{"line":66,"column":22},"end":{"line":66,"column":27}},"loc":{"start":{"line":66,"column":52},"end":{"line":71,"column":13}}},"7":{"name":"(anonymous_7)","decl":{"start":{"line":78,"column":21},"end":{"line":78,"column":24}},"loc":{"start":{"line":78,"column":27},"end":{"line":78,"column":44}}},"8":{"name":"(anonymous_8)","decl":{"start":{"line":93,"column":4},"end":{"line":93,"column":9}},"loc":{"start":{"line":93,"column":61},"end":{"line":136,"column":5}}},"9":{"name":"(anonymous_9)","decl":{"start":{"line":138,"column":12},"end":{"line":138,"column":32}},"loc":{"start":{"line":138,"column":48},"end":{"line":150,"column":5}}},"10":{"name":"(anonymous_10)","decl":{"start":{"line":152,"column":4},"end":{"line":152,"column":9}},"loc":{"start":{"line":152,"column":20},"end":{"line":197,"column":5}}},"11":{"name":"(anonymous_11)","decl":{"start":{"line":199,"column":4},"end":{"line":199,"column":9}},"loc":{"start":{"line":199,"column":17},"end":{"line":201,"column":5}}}},"branchMap":{"0":{"loc":{"start":{"line":7,"column":12},"end":{"line":7,"column":null}},"type":"binary-expr","locations":[{"start":{"line":7,"column":12},"end":{"line":7,"column":24}},{"start":{"line":7,"column":12},"end":{"line":7,"column":null}}]},"1":{"loc":{"start":{"line":68,"column":16},"end":{"line":70,"column":null}},"type":"if","locations":[{"start":{"line":68,"column":16},"end":{"line":70,"column":null}}]},"2":{"loc":{"start":{"line":94,"column":8},"end":{"line":97,"column":null}},"type":"if","locations":[{"start":{"line":94,"column":8},"end":{"line":97,"column":null}}]},"3":{"loc":{"start":{"line":116,"column":12},"end":{"line":122,"column":null}},"type":"if","locations":[{"start":{"line":116,"column":12},"end":{"line":122,"column":null}}]},"4":{"loc":{"start":{"line":153,"column":8},"end":{"line":156,"column":null}},"type":"if","locations":[{"start":{"line":153,"column":8},"end":{"line":156,"column":null}}]},"5":{"loc":{"start":{"line":160,"column":32},"end":{"line":160,"column":89}},"type":"cond-expr","locations":[{"start":{"line":160,"column":51},"end":{"line":160,"column":76}},{"start":{"line":160,"column":79},"end":{"line":160,"column":89}}]},"6":{"loc":{"start":{"line":164,"column":27},"end":{"line":164,"column":63}},"type":"binary-expr","locations":[{"start":{"line":164,"column":27},"end":{"line":164,"column":57}},{"start":{"line":164,"column":61},"end":{"line":164,"column":63}}]},"7":{"loc":{"start":{"line":164,"column":27},"end":{"line":164,"column":57}},"type":"cond-expr","locations":[{"start":{"line":164,"column":51},"end":{"line":164,"column":53}},{"start":{"line":164,"column":51},"end":{"line":164,"column":57}}]},"8":{"loc":{"start":{"line":164,"column":27},"end":{"line":164,"column":53}},"type":"binary-expr","locations":[{"start":{"line":164,"column":27},"end":{"line":164,"column":53}},{"start":{"line":164,"column":51},"end":{"line":164,"column":53}}]},"9":{"loc":{"start":{"line":164,"column":27},"end":{"line":164,"column":51}},"type":"cond-expr","locations":[{"start":{"line":164,"column":43},"end":{"line":164,"column":45}},{"start":{"line":164,"column":43},"end":{"line":164,"column":51}}]},"10":{"loc":{"start":{"line":164,"column":27},"end":{"line":164,"column":45}},"type":"binary-expr","locations":[{"start":{"line":164,"column":27},"end":{"line":164,"column":45}},{"start":{"line":164,"column":43},"end":{"line":164,"column":45}}]},"11":{"loc":{"start":{"line":165,"column":35},"end":{"line":165,"column":61}},"type":"cond-expr","locations":[{"start":{"line":165,"column":44},"end":{"line":165,"column":56}},{"start":{"line":165,"column":59},"end":{"line":165,"column":61}}]},"12":{"loc":{"start":{"line":171,"column":12},"end":{"line":175,"column":null}},"type":"if","locations":[{"start":{"line":171,"column":12},"end":{"line":175,"column":null}},{"start":{"line":173,"column":19},"end":{"line":175,"column":null}}]},"13":{"loc":{"start":{"line":191,"column":12},"end":{"line":193,"column":null}},"type":"if","locations":[{"start":{"line":191,"column":12},"end":{"line":193,"column":null}}]}},"s":{"0":5,"1":5,"2":5,"3":5,"4":5,"5":5,"6":11,"7":11,"8":11,"9":11,"10":11,"11":11,"12":11,"13":1,"14":1,"15":1,"16":1,"17":1,"18":1,"19":1,"20":1,"21":1,"22":1,"23":0,"24":0,"25":0,"26":1,"27":1,"28":0,"29":1,"30":1,"31":1,"32":1,"33":1,"34":1,"35":4,"36":1,"37":1,"38":3,"39":3,"40":3,"41":3,"42":3,"43":3,"44":2,"45":2,"46":2,"47":2,"48":0,"49":0,"50":0,"51":3,"52":3,"53":3,"54":0,"55":0,"56":0,"57":0,"58":0,"59":0,"60":3,"61":1,"62":1,"63":2,"64":2,"65":2,"66":2,"67":2,"68":2,"69":2,"70":2,"71":2,"72":0,"73":2,"74":2,"75":2,"76":1,"77":1,"78":0,"79":0,"80":2,"81":5},"f":{"0":5,"1":11,"2":1,"3":1,"4":1,"5":1,"6":0,"7":0,"8":4,"9":0,"10":3,"11":0},"b":{"0":[5,5],"1":[0],"2":[1],"3":[2],"4":[1],"5":[2,0],"6":[2,2],"7":[2,0],"8":[2,2],"9":[0,2],"10":[2,2],"11":[0,2],"12":[2,0],"13":[0]}}
}
