TN:
SF:src/index.ts
FNF:0
FNH:0
DA:2,0
DA:5,0
DA:6,0
DA:7,0
DA:10,0
LF:5
LH:0
BRF:0
BRH:0
end_of_record
TN:
SF:src/main.ts
FN:31,(anonymous_0)
FN:38,(anonymous_1)
FN:46,(anonymous_2)
FN:79,(anonymous_3)
FN:88,(anonymous_4)
FN:96,(anonymous_5)
FN:110,(anonymous_6)
FN:125,(anonymous_7)
FN:181,(anonymous_8)
FN:224,(anonymous_9)
FN:233,(anonymous_10)
FN:248,(anonymous_11)
FN:257,(anonymous_12)
FN:262,(anonymous_13)
FN:304,(anonymous_14)
FN:351,(anonymous_15)
FN:370,(anonymous_16)
FN:397,(anonymous_17)
FN:402,(anonymous_18)
FN:419,(anonymous_19)
FN:422,(anonymous_20)
FN:435,(anonymous_21)
FN:439,(anonymous_22)
FN:442,(anonymous_23)
FN:503,(anonymous_24)
FN:515,(anonymous_25)
FN:520,(anonymous_26)
FN:537,(anonymous_27)
FN:545,(anonymous_28)
FN:553,(anonymous_29)
FN:557,(anonymous_30)
FN:560,(anonymous_31)
FN:592,(anonymous_32)
FN:657,(anonymous_33)
FN:726,(anonymous_34)
FN:735,(anonymous_35)
FN:740,(anonymous_36)
FN:759,(anonymous_37)
FN:769,(anonymous_38)
FN:808,updateApiKeyValidationStatus
FN:834,(anonymous_40)
FN:837,(anonymous_41)
FN:855,(anonymous_42)
FN:859,(anonymous_43)
FN:873,(anonymous_44)
FN:877,(anonymous_45)
FN:896,(anonymous_46)
FN:899,(anonymous_47)
FN:917,(anonymous_48)
FN:921,(anonymous_49)
FN:935,(anonymous_50)
FN:939,(anonymous_51)
FN:958,(anonymous_52)
FN:961,(anonymous_53)
FN:979,(anonymous_54)
FN:983,(anonymous_55)
FN:997,(anonymous_56)
FN:1001,(anonymous_57)
FN:1027,(anonymous_58)
FN:1041,(anonymous_59)
FN:1042,(anonymous_60)
FN:1056,(anonymous_61)
FN:1099,(anonymous_62)
FN:1103,(anonymous_63)
FN:1111,(anonymous_64)
FN:1115,(anonymous_65)
FNF:66
FNH:7
FNDA:7,(anonymous_0)
FNDA:0,(anonymous_1)
FNDA:3,(anonymous_2)
FNDA:4,(anonymous_3)
FNDA:0,(anonymous_4)
FNDA:0,(anonymous_5)
FNDA:0,(anonymous_6)
FNDA:0,(anonymous_7)
FNDA:1,(anonymous_8)
FNDA:0,(anonymous_9)
FNDA:0,(anonymous_10)
FNDA:0,(anonymous_11)
FNDA:0,(anonymous_12)
FNDA:0,(anonymous_13)
FNDA:4,(anonymous_14)
FNDA:0,(anonymous_15)
FNDA:4,(anonymous_16)
FNDA:0,(anonymous_17)
FNDA:0,(anonymous_18)
FNDA:0,(anonymous_19)
FNDA:0,(anonymous_20)
FNDA:0,(anonymous_21)
FNDA:0,(anonymous_22)
FNDA:0,(anonymous_23)
FNDA:0,(anonymous_24)
FNDA:0,(anonymous_25)
FNDA:0,(anonymous_26)
FNDA:0,(anonymous_27)
FNDA:0,(anonymous_28)
FNDA:0,(anonymous_29)
FNDA:0,(anonymous_30)
FNDA:0,(anonymous_31)
FNDA:0,(anonymous_32)
FNDA:0,(anonymous_33)
FNDA:0,(anonymous_34)
FNDA:4,(anonymous_35)
FNDA:0,(anonymous_36)
FNDA:0,(anonymous_37)
FNDA:0,(anonymous_38)
FNDA:0,updateApiKeyValidationStatus
FNDA:0,(anonymous_40)
FNDA:0,(anonymous_41)
FNDA:0,(anonymous_42)
FNDA:0,(anonymous_43)
FNDA:0,(anonymous_44)
FNDA:0,(anonymous_45)
FNDA:0,(anonymous_46)
FNDA:0,(anonymous_47)
FNDA:0,(anonymous_48)
FNDA:0,(anonymous_49)
FNDA:0,(anonymous_50)
FNDA:0,(anonymous_51)
FNDA:0,(anonymous_52)
FNDA:0,(anonymous_53)
FNDA:0,(anonymous_54)
FNDA:0,(anonymous_55)
FNDA:0,(anonymous_56)
FNDA:0,(anonymous_57)
FNDA:0,(anonymous_58)
FNDA:0,(anonymous_59)
FNDA:0,(anonymous_60)
FNDA:0,(anonymous_61)
FNDA:0,(anonymous_62)
FNDA:0,(anonymous_63)
FNDA:0,(anonymous_64)
FNDA:0,(anonymous_65)
DA:1,1
DA:2,1
DA:3,1
DA:4,1
DA:5,1
DA:6,1
DA:16,1
DA:18,1
DA:31,1
DA:33,7
DA:34,7
DA:35,7
DA:42,0
DA:47,3
DA:50,3
DA:52,3
DA:54,1
DA:55,1
DA:59,2
DA:61,2
DA:62,1
DA:63,1
DA:67,1
DA:74,1
DA:76,1
DA:80,4
DA:83,4
DA:86,4
DA:88,0
DA:96,4
DA:97,0
DA:98,0
DA:99,0
DA:100,0
DA:103,0
DA:107,4
DA:111,0
DA:112,0
DA:113,0
DA:114,0
DA:117,0
DA:122,4
DA:126,0
DA:127,0
DA:128,0
DA:129,0
DA:132,0
DA:133,0
DA:134,0
DA:135,0
DA:138,0
DA:140,0
DA:141,0
DA:142,0
DA:143,0
DA:147,0
DA:148,0
DA:150,0
DA:151,0
DA:154,0
DA:155,0
DA:160,0
DA:161,0
DA:164,0
DA:167,0
DA:168,0
DA:169,0
DA:172,0
DA:178,4
DA:182,1
DA:183,1
DA:184,0
DA:185,0
DA:188,1
DA:189,1
DA:190,0
DA:191,0
DA:194,1
DA:196,1
DA:197,1
DA:198,0
DA:199,0
DA:203,1
DA:206,1
DA:209,1
DA:210,1
DA:213,1
DA:215,0
DA:221,4
DA:225,0
DA:230,4
DA:234,0
DA:235,0
DA:236,0
DA:237,0
DA:240,0
DA:245,4
DA:249,0
DA:259,0
DA:262,0
DA:264,0
DA:267,0
DA:269,0
DA:273,0
DA:275,0
DA:278,0
DA:279,0
DA:281,0
DA:282,0
DA:283,0
DA:284,0
DA:286,0
DA:290,0
DA:291,0
DA:294,0
DA:297,0
DA:301,0
DA:305,4
DA:309,4
DA:310,4
DA:311,4
DA:312,0
DA:313,0
DA:314,0
DA:316,0
DA:317,4
DA:318,0
DA:323,4
DA:324,4
DA:325,4
DA:326,0
DA:327,0
DA:328,0
DA:330,0
DA:331,4
DA:332,0
DA:337,4
DA:338,4
DA:339,4
DA:340,0
DA:341,0
DA:342,0
DA:344,0
DA:345,4
DA:346,0
DA:353,0
DA:354,0
DA:356,0
DA:357,0
DA:358,0
DA:362,0
DA:363,0
DA:366,0
DA:367,0
DA:372,4
DA:374,4
DA:375,0
DA:377,0
DA:378,0
DA:379,0
DA:381,0
DA:383,0
DA:384,0
DA:387,4
DA:398,0
DA:399,0
DA:403,0
DA:405,0
DA:407,0
DA:411,0
DA:415,0
DA:416,0
DA:419,0
DA:422,0
DA:423,0
DA:424,0
DA:425,0
DA:429,0
DA:430,0
DA:431,0
DA:432,0
DA:434,0
DA:435,0
DA:437,0
DA:438,0
DA:439,0
DA:442,0
DA:443,0
DA:445,0
DA:446,0
DA:447,0
DA:451,0
DA:452,0
DA:454,0
DA:455,0
DA:458,0
DA:459,0
DA:460,0
DA:463,0
DA:464,0
DA:467,0
DA:468,0
DA:469,0
DA:470,0
DA:472,0
DA:477,0
DA:480,0
DA:481,0
DA:482,0
DA:485,0
DA:486,0
DA:492,0
DA:493,0
DA:495,0
DA:497,0
DA:498,0
DA:504,0
DA:505,0
DA:512,0
DA:516,0
DA:517,0
DA:521,0
DA:523,0
DA:525,0
DA:529,0
DA:533,0
DA:534,0
DA:537,0
DA:538,0
DA:539,0
DA:540,0
DA:545,0
DA:547,0
DA:548,0
DA:549,0
DA:550,0
DA:552,0
DA:553,0
DA:555,0
DA:556,0
DA:557,0
DA:560,0
DA:561,0
DA:563,0
DA:564,0
DA:565,0
DA:568,0
DA:569,0
DA:570,0
DA:573,0
DA:574,0
DA:575,0
DA:577,0
DA:579,0
DA:581,0
DA:582,0
DA:583,0
DA:587,0
DA:588,0
DA:591,0
DA:592,0
DA:594,0
DA:595,0
DA:596,0
DA:598,0
DA:599,0
DA:604,0
DA:608,0
DA:609,0
DA:646,0
DA:648,0
DA:650,0
DA:651,0
DA:652,0
DA:657,0
DA:658,0
DA:659,0
DA:660,0
DA:662,0
DA:667,0
DA:672,0
DA:678,0
DA:679,0
DA:682,0
DA:686,0
DA:691,0
DA:694,0
DA:696,0
DA:697,0
DA:699,0
DA:700,0
DA:702,0
DA:704,0
DA:705,0
DA:708,0
DA:712,0
DA:716,0
DA:720,0
DA:721,0
DA:727,0
DA:728,0
DA:736,4
DA:737,4
DA:741,0
DA:743,0
DA:745,0
DA:748,0
DA:749,0
DA:752,0
DA:753,0
DA:756,0
DA:761,0
DA:762,0
DA:763,0
DA:766,0
DA:769,0
DA:771,0
DA:774,0
DA:777,0
DA:780,0
DA:785,0
DA:786,0
DA:789,0
DA:790,0
DA:793,0
DA:794,0
DA:801,0
DA:802,0
DA:803,0
DA:804,0
DA:805,0
DA:809,0
DA:810,0
DA:812,0
DA:814,0
DA:815,0
DA:816,0
DA:817,0
DA:818,0
DA:819,0
DA:821,0
DA:822,0
DA:827,0
DA:828,0
DA:829,0
DA:831,0
DA:835,0
DA:839,0
DA:842,0
DA:843,0
DA:846,0
DA:847,0
DA:852,0
DA:853,0
DA:856,0
DA:860,0
DA:861,0
DA:862,0
DA:863,0
DA:864,0
DA:865,0
DA:867,0
DA:868,0
DA:869,0
DA:874,0
DA:880,0
DA:881,0
DA:882,0
DA:883,0
DA:886,0
DA:889,0
DA:890,0
DA:891,0
DA:893,0
DA:897,0
DA:901,0
DA:904,0
DA:905,0
DA:908,0
DA:909,0
DA:914,0
DA:915,0
DA:918,0
DA:922,0
DA:923,0
DA:924,0
DA:925,0
DA:926,0
DA:927,0
DA:929,0
DA:930,0
DA:931,0
DA:936,0
DA:942,0
DA:943,0
DA:944,0
DA:945,0
DA:948,0
DA:951,0
DA:952,0
DA:953,0
DA:955,0
DA:959,0
DA:963,0
DA:966,0
DA:967,0
DA:970,0
DA:971,0
DA:976,0
DA:977,0
DA:980,0
DA:984,0
DA:985,0
DA:986,0
DA:987,0
DA:988,0
DA:989,0
DA:991,0
DA:992,0
DA:993,0
DA:998,0
DA:1004,0
DA:1005,0
DA:1006,0
DA:1007,0
DA:1010,0
DA:1013,0
DA:1014,0
DA:1017,0
DA:1018,0
DA:1021,0
DA:1024,0
DA:1029,0
DA:1031,0
DA:1034,0
DA:1035,0
DA:1040,0
DA:1041,0
DA:1042,0
DA:1044,0
DA:1045,0
DA:1046,0
DA:1048,0
DA:1049,0
DA:1051,0
DA:1052,0
DA:1056,0
DA:1058,0
DA:1060,0
DA:1061,0
DA:1065,0
DA:1066,0
DA:1067,0
DA:1068,0
DA:1072,0
DA:1073,0
DA:1076,0
DA:1079,0
DA:1083,0
DA:1084,0
DA:1085,0
DA:1086,0
DA:1087,0
DA:1088,0
DA:1091,0
DA:1092,0
DA:1093,0
DA:1096,0
DA:1099,0
DA:1104,0
DA:1105,0
DA:1108,0
DA:1111,0
DA:1116,0
DA:1117,0
LF:475
LH:64
BRDA:52,0,0,1
BRDA:61,1,0,1
BRDA:98,2,0,0
BRDA:112,3,0,0
BRDA:127,4,0,0
BRDA:133,5,0,0
BRDA:141,6,0,0
BRDA:154,7,0,0
BRDA:154,7,1,0
BRDA:154,8,0,0
BRDA:154,8,1,0
BRDA:154,9,0,0
BRDA:154,9,1,0
BRDA:155,10,0,0
BRDA:155,10,1,0
BRDA:168,11,0,0
BRDA:183,12,0,0
BRDA:189,13,0,0
BRDA:197,14,0,0
BRDA:235,15,0,0
BRDA:267,16,0,0
BRDA:267,17,0,0
BRDA:267,17,1,0
BRDA:267,17,2,0
BRDA:267,17,3,0
BRDA:267,17,4,0
BRDA:267,17,5,0
BRDA:273,18,0,0
BRDA:273,19,0,0
BRDA:273,19,1,0
BRDA:282,20,0,0
BRDA:282,20,1,0
BRDA:286,21,0,0
BRDA:286,21,1,0
BRDA:290,22,0,0
BRDA:309,23,0,4
BRDA:311,24,0,0
BRDA:311,24,1,4
BRDA:311,25,0,4
BRDA:311,25,1,0
BRDA:317,26,0,0
BRDA:323,27,0,4
BRDA:325,28,0,0
BRDA:325,28,1,4
BRDA:325,29,0,4
BRDA:325,29,1,0
BRDA:331,30,0,0
BRDA:337,31,0,4
BRDA:339,32,0,0
BRDA:339,32,1,4
BRDA:339,33,0,4
BRDA:339,33,1,0
BRDA:345,34,0,0
BRDA:356,35,0,0
BRDA:356,36,0,0
BRDA:356,36,1,0
BRDA:362,37,0,0
BRDA:374,38,0,0
BRDA:374,38,1,4
BRDA:423,39,0,0
BRDA:445,40,0,0
BRDA:467,41,0,0
BRDA:538,42,0,0
BRDA:563,43,0,0
BRDA:569,44,0,0
BRDA:581,45,0,0
BRDA:596,46,0,0
BRDA:596,47,0,0
BRDA:596,47,1,0
BRDA:660,48,0,0
BRDA:660,49,0,0
BRDA:660,49,1,0
BRDA:678,50,0,0
BRDA:694,51,0,0
BRDA:694,51,1,0
BRDA:700,52,0,0
BRDA:702,53,0,0
BRDA:702,53,1,0
BRDA:810,54,0,0
BRDA:814,55,0,0
BRDA:814,55,1,0
BRDA:817,56,0,0
BRDA:817,56,1,0
BRDA:846,57,0,0
BRDA:861,58,0,0
BRDA:862,59,0,0
BRDA:862,59,1,0
BRDA:908,60,0,0
BRDA:923,61,0,0
BRDA:924,62,0,0
BRDA:924,62,1,0
BRDA:970,63,0,0
BRDA:985,64,0,0
BRDA:986,65,0,0
BRDA:986,65,1,0
BRDA:1044,66,0,0
BRDA:1044,66,1,0
BRDA:1046,67,0,0
BRDA:1046,68,0,0
BRDA:1046,68,1,0
BRDA:1058,69,0,0
BRDA:1066,70,0,0
BRDA:1066,71,0,0
BRDA:1066,71,1,0
BRDA:1092,72,0,0
BRF:105
BRH:12
end_of_record
TN:
SF:src/services/highlighter.ts
FN:12,(anonymous_0)
FN:21,(anonymous_1)
FN:24,(anonymous_2)
FN:28,(anonymous_3)
FN:29,(anonymous_4)
FN:41,(anonymous_5)
FN:46,(anonymous_6)
FN:217,(anonymous_7)
FN:243,(anonymous_8)
FN:260,(anonymous_9)
FN:276,(anonymous_10)
FN:289,(anonymous_11)
FN:301,(anonymous_12)
FNF:13
FNH:0
FNDA:0,(anonymous_0)
FNDA:0,(anonymous_1)
FNDA:0,(anonymous_2)
FNDA:0,(anonymous_3)
FNDA:0,(anonymous_4)
FNDA:0,(anonymous_5)
FNDA:0,(anonymous_6)
FNDA:0,(anonymous_7)
FNDA:0,(anonymous_8)
FNDA:0,(anonymous_9)
FNDA:0,(anonymous_10)
FNDA:0,(anonymous_11)
FNDA:0,(anonymous_12)
DA:1,0
DA:7,0
DA:10,0
DA:13,0
DA:14,0
DA:24,0
DA:28,0
DA:29,0
DA:30,0
DA:32,0
DA:43,0
DA:46,0
DA:47,0
DA:48,0
DA:52,0
DA:54,0
DA:55,0
DA:56,0
DA:58,0
DA:62,0
DA:63,0
DA:64,0
DA:68,0
DA:71,0
DA:72,0
DA:75,0
DA:78,0
DA:81,0
DA:82,0
DA:83,0
DA:86,0
DA:89,0
DA:90,0
DA:91,0
DA:94,0
DA:95,0
DA:98,0
DA:99,0
DA:102,0
DA:103,0
DA:104,0
DA:107,0
DA:110,0
DA:111,0
DA:114,0
DA:115,0
DA:118,0
DA:124,0
DA:125,0
DA:126,0
DA:127,0
DA:128,0
DA:132,0
DA:134,0
DA:136,0
DA:137,0
DA:139,0
DA:140,0
DA:141,0
DA:142,0
DA:143,0
DA:146,0
DA:153,0
DA:154,0
DA:155,0
DA:156,0
DA:157,0
DA:159,0
DA:162,0
DA:163,0
DA:164,0
DA:165,0
DA:168,0
DA:169,0
DA:172,0
DA:173,0
DA:174,0
DA:177,0
DA:178,0
DA:180,0
DA:181,0
DA:183,0
DA:184,0
DA:185,0
DA:186,0
DA:187,0
DA:188,0
DA:189,0
DA:190,0
DA:191,0
DA:192,0
DA:194,0
DA:199,0
DA:200,0
DA:209,0
DA:210,0
DA:219,0
DA:220,0
DA:221,0
DA:222,0
DA:234,0
DA:244,0
DA:245,0
DA:246,0
DA:247,0
DA:248,0
DA:249,0
DA:250,0
DA:251,0
DA:252,0
DA:261,0
DA:262,0
DA:263,0
DA:264,0
DA:265,0
DA:266,0
DA:267,0
DA:268,0
DA:269,0
DA:277,0
DA:278,0
DA:279,0
DA:280,0
DA:282,0
DA:290,0
DA:291,0
DA:292,0
DA:295,0
DA:302,0
LF:129
LH:0
BRDA:47,0,0,0
BRDA:47,1,0,0
BRDA:47,1,1,0
BRDA:47,2,0,0
BRDA:47,2,1,0
BRDA:47,3,0,0
BRDA:47,3,1,0
BRDA:52,4,0,0
BRDA:55,5,0,0
BRDA:55,6,0,0
BRDA:55,6,1,0
BRDA:55,7,0,0
BRDA:55,7,1,0
BRDA:55,8,0,0
BRDA:55,8,1,0
BRDA:63,9,0,0
BRDA:81,10,0,0
BRDA:81,11,0,0
BRDA:81,11,1,0
BRDA:83,12,0,0
BRDA:103,13,0,0
BRDA:134,14,0,0
BRDA:153,15,0,0
BRDA:155,16,0,0
BRDA:157,17,0,0
BRDA:173,18,0,0
BRDA:178,19,0,0
BRDA:209,20,0,0
BRDA:219,21,0,0
BRDA:278,22,0,0
BRF:30
BRH:0
end_of_record
TN:
SF:src/services/search.ts
FN:20,(anonymous_0)
FN:43,(anonymous_1)
FN:52,(anonymous_2)
FN:59,(anonymous_3)
FN:68,(anonymous_4)
FN:104,(anonymous_5)
FN:111,(anonymous_6)
FN:118,(anonymous_7)
FN:143,(anonymous_8)
FN:180,(anonymous_9)
FN:197,(anonymous_10)
FN:209,(anonymous_11)
FN:273,(anonymous_12)
FN:369,(anonymous_13)
FN:379,(anonymous_14)
FN:382,(anonymous_15)
FN:436,(anonymous_16)
FN:484,(anonymous_17)
FN:490,(anonymous_18)
FNF:19
FNH:0
FNDA:0,(anonymous_0)
FNDA:0,(anonymous_1)
FNDA:0,(anonymous_2)
FNDA:0,(anonymous_3)
FNDA:0,(anonymous_4)
FNDA:0,(anonymous_5)
FNDA:0,(anonymous_6)
FNDA:0,(anonymous_7)
FNDA:0,(anonymous_8)
FNDA:0,(anonymous_9)
FNDA:0,(anonymous_10)
FNDA:0,(anonymous_11)
FNDA:0,(anonymous_12)
FNDA:0,(anonymous_13)
FNDA:0,(anonymous_14)
FNDA:0,(anonymous_15)
FNDA:0,(anonymous_16)
FNDA:0,(anonymous_17)
FNDA:0,(anonymous_18)
DA:2,1
DA:3,1
DA:14,1
DA:18,0
DA:21,0
DA:22,0
DA:25,0
DA:28,0
DA:44,0
DA:53,0
DA:60,0
DA:69,0
DA:70,0
DA:73,0
DA:76,0
DA:77,0
DA:80,0
DA:81,0
DA:84,0
DA:85,0
DA:87,0
DA:88,0
DA:90,0
DA:95,0
DA:99,0
DA:101,0
DA:104,0
DA:105,0
DA:106,0
DA:110,0
DA:111,0
DA:114,0
DA:118,0
DA:126,0
DA:127,0
DA:130,0
DA:133,0
DA:135,0
DA:136,0
DA:144,0
DA:145,0
DA:146,0
DA:149,0
DA:150,0
DA:154,0
DA:156,0
DA:157,0
DA:159,0
DA:161,0
DA:162,0
DA:165,0
DA:166,0
DA:170,0
DA:173,0
DA:182,0
DA:195,0
DA:199,0
DA:201,0
DA:210,0
DA:212,0
DA:213,0
DA:214,0
DA:217,0
DA:218,0
DA:219,0
DA:224,0
DA:226,0
DA:227,0
DA:228,0
DA:230,0
DA:235,0
DA:237,0
DA:238,0
DA:241,0
DA:242,0
DA:243,0
DA:245,0
DA:246,0
DA:247,0
DA:252,0
DA:253,0
DA:254,0
DA:258,0
DA:259,0
DA:263,0
DA:274,0
DA:275,0
DA:276,0
DA:277,0
DA:278,0
DA:281,0
DA:282,0
DA:284,0
DA:286,0
DA:287,0
DA:288,0
DA:289,0
DA:293,0
DA:294,0
DA:295,0
DA:296,0
DA:297,0
DA:298,0
DA:299,0
DA:300,0
DA:301,0
DA:309,0
DA:311,0
DA:312,0
DA:313,0
DA:316,0
DA:317,0
DA:318,0
DA:319,0
DA:321,0
DA:322,0
DA:323,0
DA:327,0
DA:328,0
DA:329,0
DA:333,0
DA:334,0
DA:335,0
DA:340,0
DA:342,0
DA:343,0
DA:345,0
DA:348,0
DA:354,0
DA:355,0
DA:356,0
DA:357,0
DA:358,0
DA:363,0
DA:370,0
DA:380,0
DA:382,0
DA:383,0
DA:388,0
DA:424,0
DA:427,0
DA:428,0
DA:429,0
DA:430,0
DA:433,0
DA:436,0
DA:437,0
DA:440,0
DA:441,0
DA:443,0
DA:444,0
DA:446,0
DA:448,0
DA:450,0
DA:452,0
DA:458,0
DA:465,0
DA:466,0
DA:469,0
DA:471,0
DA:482,0
DA:483,0
DA:484,0
DA:487,0
DA:490,0
DA:492,0
DA:493,0
LF:167
LH:3
BRDA:87,0,0,0
BRDA:87,0,1,0
BRDA:99,1,0,0
BRDA:126,2,0,0
BRDA:149,3,0,0
BRDA:149,4,0,0
BRDA:149,4,1,0
BRDA:154,5,0,0
BRDA:161,6,0,0
BRDA:161,7,0,0
BRDA:161,7,1,0
BRDA:165,8,0,0
BRDA:165,9,0,0
BRDA:165,9,1,0
BRDA:201,10,0,0
BRDA:201,10,1,0
BRDA:210,11,0,0
BRDA:218,12,0,0
BRDA:228,13,0,0
BRDA:235,14,0,0
BRDA:246,15,0,0
BRDA:252,16,0,0
BRDA:258,17,0,0
BRDA:273,18,0,0
BRDA:281,19,0,0
BRDA:284,20,0,0
BRDA:284,20,1,0
BRDA:294,21,0,0
BRDA:296,22,0,0
BRDA:309,23,0,0
BRDA:309,24,0,0
BRDA:309,24,1,0
BRDA:322,25,0,0
BRDA:327,26,0,0
BRDA:333,27,0,0
BRDA:340,28,0,0
BRDA:343,29,0,0
BRDA:343,29,1,0
BRDA:343,30,0,0
BRDA:343,30,1,0
BRDA:354,31,0,0
BRDA:356,32,0,0
BRDA:428,33,0,0
BRDA:441,34,0,0
BRDA:444,35,0,0
BRDA:450,36,0,0
BRDA:450,36,1,0
BRDA:469,37,0,0
BRDA:469,37,1,0
BRF:49
BRH:0
end_of_record
TN:
SF:src/services/summarizer.ts
FN:9,(anonymous_0)
FN:31,(anonymous_1)
FN:101,(anonymous_2)
FNF:3
FNH:3
FNDA:8,(anonymous_0)
FNDA:4,(anonymous_1)
FNDA:4,(anonymous_2)
DA:1,3
DA:2,3
DA:3,3
DA:5,3
DA:10,8
DA:13,8
DA:16,8
DA:32,4
DA:34,4
DA:35,4
DA:37,4
DA:39,1
DA:40,1
DA:41,1
DA:44,1
DA:45,1
DA:46,1
DA:50,2
DA:51,2
DA:52,2
DA:55,4
DA:74,4
DA:78,4
DA:79,0
DA:80,4
DA:81,4
DA:83,0
DA:87,4
DA:89,4
DA:91,0
DA:92,0
DA:103,4
DA:106,4
DA:109,4
DA:112,4
DA:113,4
DA:116,4
DA:117,4
DA:120,4
DA:121,0
DA:122,0
DA:126,4
DA:131,0
DA:132,0
DA:136,4
DA:140,4
LF:46
LH:38
BRDA:31,0,0,2
BRDA:37,1,0,1
BRDA:37,1,1,1
BRDA:37,1,2,2
BRDA:37,1,3,2
BRDA:78,2,0,0
BRDA:78,2,1,4
BRDA:80,3,0,4
BRDA:80,3,1,0
BRDA:80,4,0,4
BRDA:80,4,1,4
BRDA:80,4,2,4
BRDA:120,5,0,0
BRDA:126,6,0,0
BRDA:126,7,0,4
BRDA:126,7,1,4
BRDA:126,7,2,4
BRDA:126,7,3,4
BRDA:126,7,4,4
BRF:19
BRH:15
end_of_record
TN:
SF:src/services/web-scraper.ts
FN:8,(anonymous_0)
FN:29,(anonymous_1)
FNF:2
FNH:0
FNDA:0,(anonymous_0)
FNDA:0,(anonymous_1)
DA:1,1
DA:2,1
DA:4,1
DA:9,0
DA:12,0
DA:15,0
DA:30,0
DA:33,0
DA:34,0
DA:37,0
DA:43,0
DA:44,0
DA:47,0
DA:50,0
DA:62,0
DA:64,0
DA:65,0
LF:17
LH:3
BRDA:43,0,0,0
BRF:1
BRH:0
end_of_record
TN:
SF:src/utils/gemini-api.ts
FN:8,(anonymous_0)
FN:90,checkModelAvailability
FN:125,inferFallbackModel
FN:143,(anonymous_3)
FN:175,(anonymous_4)
FN:271,(anonymous_5)
FNF:6
FNH:0
FNDA:0,(anonymous_0)
FNDA:0,checkModelAvailability
FNDA:0,inferFallbackModel
FNDA:0,(anonymous_3)
FNDA:0,(anonymous_4)
FNDA:0,(anonymous_5)
DA:1,0
DA:3,0
DA:8,0
DA:9,0
DA:10,0
DA:11,0
DA:12,0
DA:13,0
DA:29,0
DA:90,0
DA:92,0
DA:93,0
DA:97,0
DA:98,0
DA:105,0
DA:106,0
DA:114,0
DA:127,0
DA:128,0
DA:132,0
DA:138,0
DA:144,0
DA:145,0
DA:148,0
DA:151,0
DA:153,0
DA:154,0
DA:155,0
DA:156,0
DA:157,0
DA:158,0
DA:164,0
DA:166,0
DA:167,0
DA:176,0
DA:177,0
DA:179,0
DA:187,0
DA:189,0
DA:192,0
DA:195,0
DA:197,0
DA:199,0
DA:202,0
DA:205,0
DA:206,0
DA:208,0
DA:210,0
DA:212,0
DA:215,0
DA:219,0
DA:221,0
DA:222,0
DA:223,0
DA:224,0
DA:225,0
DA:226,0
DA:227,0
DA:228,0
DA:229,0
DA:230,0
DA:232,0
DA:235,0
DA:236,0
DA:237,0
DA:238,0
DA:240,0
DA:244,0
DA:246,0
DA:247,0
DA:248,0
DA:249,0
DA:250,0
DA:251,0
DA:252,0
DA:253,0
DA:254,0
DA:255,0
DA:256,0
DA:257,0
DA:258,0
DA:260,0
DA:261,0
DA:262,0
DA:272,0
DA:273,0
DA:274,0
DA:276,0
DA:277,0
LF:89
LH:0
BRDA:8,0,0,0
BRDA:8,0,1,0
BRDA:92,1,0,0
BRDA:97,2,0,0
BRDA:97,3,0,0
BRDA:97,3,1,0
BRDA:105,4,0,0
BRDA:127,5,0,0
BRDA:151,6,0,0
BRDA:151,6,1,0
BRDA:151,7,0,0
BRDA:151,7,1,0
BRDA:154,8,0,0
BRDA:154,8,1,0
BRDA:155,9,0,0
BRDA:155,9,1,0
BRDA:157,10,0,0
BRDA:195,11,0,0
BRDA:195,11,1,0
BRDA:195,12,0,0
BRDA:195,12,1,0
BRDA:199,13,0,0
BRDA:199,13,1,0
BRDA:199,14,0,0
BRDA:199,14,1,0
BRDA:202,15,0,0
BRDA:202,15,1,0
BRDA:205,16,0,0
BRDA:205,16,1,0
BRDA:210,17,0,0
BRDA:210,17,1,0
BRDA:222,18,0,0
BRDA:222,18,1,0
BRDA:222,19,0,0
BRDA:222,19,1,0
BRDA:222,19,2,0
BRDA:226,20,0,0
BRDA:226,20,1,0
BRDA:226,21,0,0
BRDA:226,21,1,0
BRDA:230,22,0,0
BRDA:230,22,1,0
BRDA:230,23,0,0
BRDA:230,23,1,0
BRDA:235,24,0,0
BRDA:235,24,1,0
BRDA:235,25,0,0
BRDA:235,25,1,0
BRDA:237,26,0,0
BRDA:237,26,1,0
BRDA:237,27,0,0
BRDA:237,27,1,0
BRDA:247,28,0,0
BRDA:247,28,1,0
BRDA:247,29,0,0
BRDA:247,29,1,0
BRDA:251,30,0,0
BRDA:251,30,1,0
BRDA:251,31,0,0
BRDA:251,31,1,0
BRDA:255,32,0,0
BRDA:255,32,1,0
BRDA:255,33,0,0
BRDA:255,33,1,0
BRF:64
BRH:0
end_of_record
TN:
SF:src/utils/ai-providers/anthropic-provider.ts
FN:46,checkAnthropicModelAvailability
FN:73,inferAnthropicFallbackModel
FN:98,(anonymous_2)
FN:112,(anonymous_3)
FN:126,(anonymous_4)
FN:191,(anonymous_5)
FN:205,(anonymous_6)
FNF:7
FNH:0
FNDA:0,checkAnthropicModelAvailability
FNDA:0,inferAnthropicFallbackModel
FNDA:0,(anonymous_2)
FNDA:0,(anonymous_3)
FNDA:0,(anonymous_4)
FNDA:0,(anonymous_5)
FNDA:0,(anonymous_6)
DA:1,6
DA:2,6
DA:14,6
DA:46,6
DA:48,0
DA:49,0
DA:53,0
DA:54,0
DA:62,0
DA:75,0
DA:76,0
DA:77,0
DA:78,0
DA:79,0
DA:80,0
DA:81,0
DA:84,0
DA:88,0
DA:94,6
DA:99,0
DA:100,0
DA:104,0
DA:113,0
DA:114,0
DA:116,0
DA:126,0
DA:127,0
DA:128,0
DA:130,0
DA:133,0
DA:135,0
DA:138,0
DA:141,0
DA:142,0
DA:144,0
DA:145,0
DA:147,0
DA:148,0
DA:150,0
DA:151,0
DA:153,0
DA:154,0
DA:157,0
DA:160,0
DA:161,0
DA:162,0
DA:163,0
DA:164,0
DA:165,0
DA:166,0
DA:167,0
DA:168,0
DA:169,0
DA:170,0
DA:171,0
DA:173,0
DA:174,0
DA:177,0
DA:178,0
DA:180,0
DA:181,0
DA:182,0
DA:192,0
DA:193,0
DA:194,0
DA:196,0
DA:197,0
DA:206,0
LF:68
LH:5
BRDA:48,0,0,0
BRDA:53,1,0,0
BRDA:75,2,0,0
BRDA:76,3,0,0
BRDA:76,3,1,0
BRDA:78,4,0,0
BRDA:78,4,1,0
BRDA:80,5,0,0
BRDA:127,6,0,0
BRDA:141,7,0,0
BRDA:141,7,1,0
BRDA:141,8,0,0
BRDA:141,8,1,0
BRDA:141,8,2,0
BRDA:144,9,0,0
BRDA:144,9,1,0
BRDA:145,10,0,0
BRDA:145,10,1,0
BRDA:147,11,0,0
BRDA:150,12,0,0
BRDA:150,12,1,0
BRDA:151,13,0,0
BRDA:151,13,1,0
BRDA:153,14,0,0
BRDA:162,15,0,0
BRDA:162,15,1,0
BRDA:162,16,0,0
BRDA:162,16,1,0
BRDA:162,16,2,0
BRDA:166,17,0,0
BRDA:166,17,1,0
BRDA:166,18,0,0
BRDA:166,18,1,0
BRDA:166,18,2,0
BRDA:170,19,0,0
BRDA:170,19,1,0
BRDA:170,20,0,0
BRDA:170,20,1,0
BRDA:170,20,2,0
BRDA:173,21,0,0
BRDA:173,22,0,0
BRDA:173,22,1,0
BRDA:180,23,0,0
BRDA:180,23,1,0
BRF:44
BRH:0
end_of_record
TN:
SF:src/utils/ai-providers/base-provider.ts
FN:6,(anonymous_0)
FN:36,(anonymous_1)
FN:82,showErrorNotice
FNF:3
FNH:2
FNDA:6,(anonymous_0)
FNDA:6,(anonymous_1)
FNDA:0,showErrorNotice
DA:1,6
DA:6,6
DA:7,6
DA:8,6
DA:9,6
DA:10,6
DA:11,6
DA:36,6
DA:37,6
DA:38,6
DA:39,6
DA:82,6
DA:83,0
DA:84,0
LF:14
LH:12
BRDA:6,0,0,6
BRDA:6,0,1,6
BRDA:36,1,0,6
BRDA:36,1,1,6
BRDA:82,2,0,0
BRF:5
BRH:4
end_of_record
TN:
SF:src/utils/ai-providers/gemini-provider.ts
FN:75,checkGeminiModelAvailability
FN:110,inferGeminiFallbackModel
FN:128,(anonymous_2)
FN:146,(anonymous_3)
FN:240,(anonymous_4)
FN:254,(anonymous_5)
FNF:6
FNH:0
FNDA:0,checkGeminiModelAvailability
FNDA:0,inferGeminiFallbackModel
FNDA:0,(anonymous_2)
FNDA:0,(anonymous_3)
FNDA:0,(anonymous_4)
FNDA:0,(anonymous_5)
DA:1,6
DA:2,6
DA:14,6
DA:75,6
DA:77,0
DA:78,0
DA:82,0
DA:83,0
DA:90,0
DA:91,0
DA:99,0
DA:112,0
DA:113,0
DA:117,0
DA:123,6
DA:129,0
DA:130,0
DA:135,0
DA:137,0
DA:138,0
DA:147,0
DA:148,0
DA:150,0
DA:158,0
DA:160,0
DA:163,0
DA:166,0
DA:168,0
DA:170,0
DA:173,0
DA:176,0
DA:177,0
DA:179,0
DA:181,0
DA:183,0
DA:186,0
DA:190,0
DA:192,0
DA:193,0
DA:194,0
DA:195,0
DA:196,0
DA:197,0
DA:198,0
DA:199,0
DA:200,0
DA:201,0
DA:203,0
DA:206,0
DA:207,0
DA:208,0
DA:209,0
DA:211,0
DA:214,0
DA:215,0
DA:216,0
DA:217,0
DA:218,0
DA:219,0
DA:220,0
DA:221,0
DA:222,0
DA:223,0
DA:224,0
DA:225,0
DA:226,0
DA:227,0
DA:229,0
DA:230,0
DA:231,0
DA:241,0
DA:242,0
DA:243,0
DA:245,0
DA:246,0
DA:255,0
LF:76
LH:5
BRDA:77,0,0,0
BRDA:82,1,0,0
BRDA:82,2,0,0
BRDA:82,2,1,0
BRDA:90,3,0,0
BRDA:112,4,0,0
BRDA:166,5,0,0
BRDA:166,5,1,0
BRDA:166,6,0,0
BRDA:166,6,1,0
BRDA:170,7,0,0
BRDA:170,7,1,0
BRDA:170,8,0,0
BRDA:170,8,1,0
BRDA:173,9,0,0
BRDA:173,9,1,0
BRDA:176,10,0,0
BRDA:176,10,1,0
BRDA:181,11,0,0
BRDA:181,11,1,0
BRDA:193,12,0,0
BRDA:193,12,1,0
BRDA:193,13,0,0
BRDA:193,13,1,0
BRDA:193,13,2,0
BRDA:197,14,0,0
BRDA:197,14,1,0
BRDA:197,15,0,0
BRDA:197,15,1,0
BRDA:201,16,0,0
BRDA:201,16,1,0
BRDA:201,17,0,0
BRDA:201,17,1,0
BRDA:206,18,0,0
BRDA:206,18,1,0
BRDA:206,19,0,0
BRDA:206,19,1,0
BRDA:208,20,0,0
BRDA:208,20,1,0
BRDA:208,21,0,0
BRDA:208,21,1,0
BRDA:216,22,0,0
BRDA:216,22,1,0
BRDA:216,23,0,0
BRDA:216,23,1,0
BRDA:220,24,0,0
BRDA:220,24,1,0
BRDA:220,25,0,0
BRDA:220,25,1,0
BRDA:224,26,0,0
BRDA:224,26,1,0
BRDA:224,27,0,0
BRDA:224,27,1,0
BRF:53
BRH:0
end_of_record
TN:
SF:src/utils/ai-providers/index.ts
FNF:0
FNH:0
DA:2,6
DA:3,6
DA:4,6
DA:5,6
DA:6,6
LF:5
LH:5
BRF:0
BRH:0
end_of_record
TN:
SF:src/utils/ai-providers/openai-provider.ts
FN:65,checkOpenAIModelAvailability
FN:92,inferOpenAIFallbackModel
FN:109,(anonymous_2)
FN:123,(anonymous_3)
FN:194,(anonymous_4)
FN:208,(anonymous_5)
FNF:6
FNH:0
FNDA:0,checkOpenAIModelAvailability
FNDA:0,inferOpenAIFallbackModel
FNDA:0,(anonymous_2)
FNDA:0,(anonymous_3)
FNDA:0,(anonymous_4)
FNDA:0,(anonymous_5)
DA:1,6
DA:2,6
DA:14,6
DA:65,6
DA:67,0
DA:68,0
DA:72,0
DA:73,0
DA:81,0
DA:94,0
DA:95,0
DA:99,0
DA:105,6
DA:110,0
DA:111,0
DA:115,0
DA:124,0
DA:125,0
DA:127,0
DA:135,0
DA:136,0
DA:138,0
DA:141,0
DA:144,0
DA:145,0
DA:147,0
DA:148,0
DA:150,0
DA:151,0
DA:153,0
DA:154,0
DA:156,0
DA:157,0
DA:160,0
DA:163,0
DA:164,0
DA:165,0
DA:166,0
DA:167,0
DA:168,0
DA:169,0
DA:170,0
DA:171,0
DA:172,0
DA:173,0
DA:174,0
DA:176,0
DA:177,0
DA:180,0
DA:181,0
DA:183,0
DA:184,0
DA:185,0
DA:195,0
DA:196,0
DA:197,0
DA:199,0
DA:200,0
DA:209,0
LF:59
LH:5
BRDA:67,0,0,0
BRDA:72,1,0,0
BRDA:94,2,0,0
BRDA:135,3,0,0
BRDA:135,3,1,0
BRDA:135,4,0,0
BRDA:135,4,1,0
BRDA:135,5,0,0
BRDA:135,5,1,0
BRDA:135,6,0,0
BRDA:135,6,1,0
BRDA:135,7,0,0
BRDA:135,7,1,0
BRDA:144,8,0,0
BRDA:144,8,1,0
BRDA:144,9,0,0
BRDA:144,9,1,0
BRDA:144,9,2,0
BRDA:147,10,0,0
BRDA:147,10,1,0
BRDA:148,11,0,0
BRDA:148,11,1,0
BRDA:150,12,0,0
BRDA:153,13,0,0
BRDA:153,13,1,0
BRDA:154,14,0,0
BRDA:154,14,1,0
BRDA:156,15,0,0
BRDA:165,16,0,0
BRDA:165,16,1,0
BRDA:165,17,0,0
BRDA:165,17,1,0
BRDA:165,17,2,0
BRDA:169,18,0,0
BRDA:169,18,1,0
BRDA:169,19,0,0
BRDA:169,19,1,0
BRDA:169,19,2,0
BRDA:173,20,0,0
BRDA:173,20,1,0
BRDA:173,21,0,0
BRDA:173,21,1,0
BRDA:173,21,2,0
BRDA:176,22,0,0
BRDA:176,23,0,0
BRDA:176,23,1,0
BRDA:183,24,0,0
BRDA:183,24,1,0
BRF:48
BRH:0
end_of_record
TN:
SF:src/utils/ai-providers/provider-factory.ts
FN:15,(anonymous_0)
FN:35,(anonymous_1)
FN:75,(anonymous_2)
FNF:3
FNH:0
FNDA:0,(anonymous_0)
FNDA:0,(anonymous_1)
FNDA:0,(anonymous_2)
DA:1,6
DA:2,6
DA:3,6
DA:4,6
DA:9,6
DA:16,0
DA:18,0
DA:20,0
DA:22,0
DA:24,0
DA:26,0
DA:36,0
DA:38,0
DA:50,0
DA:59,0
DA:66,0
DA:76,0
DA:78,0
DA:80,0
DA:82,0
DA:84,0
LF:21
LH:5
BRDA:18,0,0,0
BRDA:18,0,1,0
BRDA:18,0,2,0
BRDA:18,0,3,0
BRDA:36,1,0,0
BRDA:36,1,1,0
BRDA:36,1,2,0
BRDA:36,1,3,0
BRDA:76,2,0,0
BRDA:76,2,1,0
BRDA:76,2,2,0
BRDA:76,2,3,0
BRF:12
BRH:0
end_of_record
TN:
SF:src/views/summary-view.ts
FN:7,(anonymous_0)
FN:27,(anonymous_1)
FN:37,(anonymous_2)
FN:41,(anonymous_3)
FN:45,(anonymous_4)
FN:49,(anonymous_5)
FN:66,(anonymous_6)
FN:78,(anonymous_7)
FN:93,(anonymous_8)
FN:138,(anonymous_9)
FN:152,(anonymous_10)
FN:199,(anonymous_11)
FNF:12
FNH:8
FNDA:5,(anonymous_0)
FNDA:11,(anonymous_1)
FNDA:1,(anonymous_2)
FNDA:1,(anonymous_3)
FNDA:1,(anonymous_4)
FNDA:1,(anonymous_5)
FNDA:0,(anonymous_6)
FNDA:0,(anonymous_7)
FNDA:4,(anonymous_8)
FNDA:0,(anonymous_9)
FNDA:3,(anonymous_10)
FNDA:0,(anonymous_11)
DA:1,5
DA:5,5
DA:7,5
DA:8,5
DA:9,5
DA:10,5
DA:13,5
DA:21,11
DA:22,11
DA:23,11
DA:24,11
DA:32,11
DA:33,11
DA:34,11
DA:38,1
DA:42,1
DA:46,1
DA:50,1
DA:51,1
DA:52,1
DA:55,1
DA:58,1
DA:59,1
DA:61,1
DA:67,0
DA:68,0
DA:69,0
DA:74,1
DA:75,1
DA:78,0
DA:81,1
DA:82,1
DA:83,1
DA:86,1
DA:87,1
DA:88,1
DA:94,4
DA:95,1
DA:96,1
DA:99,3
DA:100,3
DA:103,3
DA:104,3
DA:106,3
DA:108,3
DA:114,2
DA:116,2
DA:117,2
DA:118,2
DA:121,0
DA:124,0
DA:125,0
DA:127,3
DA:128,3
DA:134,3
DA:139,0
DA:140,0
DA:143,0
DA:145,0
DA:146,0
DA:149,0
DA:153,3
DA:154,1
DA:155,1
DA:158,2
DA:160,2
DA:161,2
DA:164,2
DA:165,2
DA:168,2
DA:169,2
DA:171,2
DA:172,2
DA:174,0
DA:178,2
DA:181,2
DA:184,2
DA:187,1
DA:190,1
DA:191,0
DA:192,0
DA:195,2
LF:82
LH:66
BRDA:7,0,0,5
BRDA:7,0,1,5
BRDA:68,1,0,0
BRDA:94,2,0,1
BRDA:116,3,0,2
BRDA:153,4,0,1
BRDA:160,5,0,2
BRDA:160,5,1,0
BRDA:164,6,0,2
BRDA:164,6,1,2
BRDA:164,7,0,2
BRDA:164,7,1,0
BRDA:164,8,0,2
BRDA:164,8,1,2
BRDA:164,9,0,0
BRDA:164,9,1,2
BRDA:164,10,0,2
BRDA:164,10,1,2
BRDA:165,11,0,0
BRDA:165,11,1,2
BRDA:171,12,0,2
BRDA:171,12,1,0
BRDA:191,13,0,0
BRF:23
BRH:16
end_of_record
